[2024-05-31T09:05:23.738+0000] {taskinstance.py:1083} INFO - Dependencies all met for <TaskInstance: conference_dag.load_conference scheduled__2024-05-30T00:00:00+00:00 [queued]>
[2024-05-31T09:05:23.746+0000] {taskinstance.py:1083} INFO - Dependencies all met for <TaskInstance: conference_dag.load_conference scheduled__2024-05-30T00:00:00+00:00 [queued]>
[2024-05-31T09:05:23.746+0000] {taskinstance.py:1279} INFO - 
--------------------------------------------------------------------------------
[2024-05-31T09:05:23.747+0000] {taskinstance.py:1280} INFO - Starting attempt 1 of 1
[2024-05-31T09:05:23.747+0000] {taskinstance.py:1281} INFO - 
--------------------------------------------------------------------------------
[2024-05-31T09:05:23.760+0000] {taskinstance.py:1300} INFO - Executing <Task(BashOperator): load_conference> on 2024-05-30 00:00:00+00:00
[2024-05-31T09:05:23.764+0000] {standard_task_runner.py:55} INFO - Started process 177 to run task
[2024-05-31T09:05:23.767+0000] {standard_task_runner.py:82} INFO - Running: ['***', 'tasks', 'run', 'conference_dag', 'load_conference', 'scheduled__2024-05-30T00:00:00+00:00', '--job-id', '408', '--raw', '--subdir', 'DAGS_FOLDER/conference_dag.py', '--cfg-path', '/tmp/tmplx0sf6n_']
[2024-05-31T09:05:23.767+0000] {standard_task_runner.py:83} INFO - Job 408: Subtask load_conference
[2024-05-31T09:05:23.819+0000] {task_command.py:388} INFO - Running <TaskInstance: conference_dag.load_conference scheduled__2024-05-30T00:00:00+00:00 [running]> on host 731e27f62632
[2024-05-31T09:05:23.875+0000] {taskinstance.py:1509} INFO - Exporting the following env vars:
AIRFLOW_CTX_DAG_OWNER=***
AIRFLOW_CTX_DAG_ID=conference_dag
AIRFLOW_CTX_TASK_ID=load_conference
AIRFLOW_CTX_EXECUTION_DATE=2024-05-30T00:00:00+00:00
AIRFLOW_CTX_TRY_NUMBER=1
AIRFLOW_CTX_DAG_RUN_ID=scheduled__2024-05-30T00:00:00+00:00
[2024-05-31T09:05:23.876+0000] {subprocess.py:63} INFO - Tmp dir root location: 
 /tmp
[2024-05-31T09:05:23.877+0000] {subprocess.py:75} INFO - Running command: ['/bin/bash', '-c', 'set -e; python /opt/***/mysql_utils/load_conference.py']
[2024-05-31T09:05:23.885+0000] {subprocess.py:86} INFO - Output:
[2024-05-31T09:05:24.144+0000] {subprocess.py:97} INFO - Command exited with return code 0
[2024-05-31T09:05:24.166+0000] {taskinstance.py:1323} INFO - Marking task as SUCCESS. dag_id=conference_dag, task_id=load_conference, execution_date=20240530T000000, start_date=20240531T090523, end_date=20240531T090524
[2024-05-31T09:05:24.221+0000] {local_task_job.py:208} INFO - Task exited with return code 0
[2024-05-31T09:05:24.250+0000] {taskinstance.py:2578} INFO - 1 downstream tasks scheduled from follow-on schedule check
