[2024-05-29T18:57:21.964+0000] {taskinstance.py:1083} INFO - Dependencies all met for <TaskInstance: conference_dag.load_presenter manual__2024-05-29T18:56:48.880889+00:00 [queued]>
[2024-05-29T18:57:21.972+0000] {taskinstance.py:1083} INFO - Dependencies all met for <TaskInstance: conference_dag.load_presenter manual__2024-05-29T18:56:48.880889+00:00 [queued]>
[2024-05-29T18:57:21.973+0000] {taskinstance.py:1279} INFO - 
--------------------------------------------------------------------------------
[2024-05-29T18:57:21.973+0000] {taskinstance.py:1280} INFO - Starting attempt 1 of 1
[2024-05-29T18:57:21.973+0000] {taskinstance.py:1281} INFO - 
--------------------------------------------------------------------------------
[2024-05-29T18:57:21.984+0000] {taskinstance.py:1300} INFO - Executing <Task(BashOperator): load_presenter> on 2024-05-29 18:56:48.880889+00:00
[2024-05-29T18:57:21.989+0000] {standard_task_runner.py:55} INFO - Started process 40766 to run task
[2024-05-29T18:57:21.992+0000] {standard_task_runner.py:82} INFO - Running: ['***', 'tasks', 'run', 'conference_dag', 'load_presenter', 'manual__2024-05-29T18:56:48.880889+00:00', '--job-id', '319', '--raw', '--subdir', 'DAGS_FOLDER/conference_dag.py', '--cfg-path', '/tmp/tmp7z_r5mcg']
[2024-05-29T18:57:21.992+0000] {standard_task_runner.py:83} INFO - Job 319: Subtask load_presenter
[2024-05-29T18:57:22.040+0000] {task_command.py:388} INFO - Running <TaskInstance: conference_dag.load_presenter manual__2024-05-29T18:56:48.880889+00:00 [running]> on host 731e27f62632
[2024-05-29T18:57:22.095+0000] {taskinstance.py:1509} INFO - Exporting the following env vars:
AIRFLOW_CTX_DAG_OWNER=***
AIRFLOW_CTX_DAG_ID=conference_dag
AIRFLOW_CTX_TASK_ID=load_presenter
AIRFLOW_CTX_EXECUTION_DATE=2024-05-29T18:56:48.880889+00:00
AIRFLOW_CTX_TRY_NUMBER=1
AIRFLOW_CTX_DAG_RUN_ID=manual__2024-05-29T18:56:48.880889+00:00
[2024-05-29T18:57:22.096+0000] {subprocess.py:63} INFO - Tmp dir root location: 
 /tmp
[2024-05-29T18:57:22.098+0000] {subprocess.py:75} INFO - Running command: ['/bin/bash', '-c', 'set -e; python /opt/***/mysql_utils/load_presenter.py']
[2024-05-29T18:57:22.106+0000] {subprocess.py:86} INFO - Output:
[2024-05-29T18:57:22.325+0000] {subprocess.py:97} INFO - Command exited with return code 0
[2024-05-29T18:57:22.346+0000] {taskinstance.py:1323} INFO - Marking task as SUCCESS. dag_id=conference_dag, task_id=load_presenter, execution_date=20240529T185648, start_date=20240529T185721, end_date=20240529T185722
[2024-05-29T18:57:22.364+0000] {local_task_job.py:208} INFO - Task exited with return code 0
[2024-05-29T18:57:22.388+0000] {taskinstance.py:2578} INFO - 0 downstream tasks scheduled from follow-on schedule check
