[2024-05-29T18:57:04.404+0000] {taskinstance.py:1083} INFO - Dependencies all met for <TaskInstance: conference_dag.transform_field manual__2024-05-29T18:56:48.880889+00:00 [queued]>
[2024-05-29T18:57:04.412+0000] {taskinstance.py:1083} INFO - Dependencies all met for <TaskInstance: conference_dag.transform_field manual__2024-05-29T18:56:48.880889+00:00 [queued]>
[2024-05-29T18:57:04.413+0000] {taskinstance.py:1279} INFO - 
--------------------------------------------------------------------------------
[2024-05-29T18:57:04.413+0000] {taskinstance.py:1280} INFO - Starting attempt 1 of 1
[2024-05-29T18:57:04.413+0000] {taskinstance.py:1281} INFO - 
--------------------------------------------------------------------------------
[2024-05-29T18:57:04.425+0000] {taskinstance.py:1300} INFO - Executing <Task(BashOperator): transform_field> on 2024-05-29 18:56:48.880889+00:00
[2024-05-29T18:57:04.429+0000] {standard_task_runner.py:55} INFO - Started process 40729 to run task
[2024-05-29T18:57:04.432+0000] {standard_task_runner.py:82} INFO - Running: ['***', 'tasks', 'run', 'conference_dag', 'transform_field', 'manual__2024-05-29T18:56:48.880889+00:00', '--job-id', '314', '--raw', '--subdir', 'DAGS_FOLDER/conference_dag.py', '--cfg-path', '/tmp/tmpy72sim0p']
[2024-05-29T18:57:04.433+0000] {standard_task_runner.py:83} INFO - Job 314: Subtask transform_field
[2024-05-29T18:57:04.487+0000] {task_command.py:388} INFO - Running <TaskInstance: conference_dag.transform_field manual__2024-05-29T18:56:48.880889+00:00 [running]> on host 731e27f62632
[2024-05-29T18:57:04.546+0000] {taskinstance.py:1509} INFO - Exporting the following env vars:
AIRFLOW_CTX_DAG_OWNER=***
AIRFLOW_CTX_DAG_ID=conference_dag
AIRFLOW_CTX_TASK_ID=transform_field
AIRFLOW_CTX_EXECUTION_DATE=2024-05-29T18:56:48.880889+00:00
AIRFLOW_CTX_TRY_NUMBER=1
AIRFLOW_CTX_DAG_RUN_ID=manual__2024-05-29T18:56:48.880889+00:00
[2024-05-29T18:57:04.547+0000] {subprocess.py:63} INFO - Tmp dir root location: 
 /tmp
[2024-05-29T18:57:04.548+0000] {subprocess.py:75} INFO - Running command: ['/bin/bash', '-c', 'set -e; python /opt/***/data_transform/transform_field.py']
[2024-05-29T18:57:04.557+0000] {subprocess.py:86} INFO - Output:
[2024-05-29T18:57:04.682+0000] {subprocess.py:97} INFO - Command exited with return code 0
[2024-05-29T18:57:04.703+0000] {taskinstance.py:1323} INFO - Marking task as SUCCESS. dag_id=conference_dag, task_id=transform_field, execution_date=20240529T185648, start_date=20240529T185704, end_date=20240529T185704
[2024-05-29T18:57:04.724+0000] {local_task_job.py:208} INFO - Task exited with return code 0
[2024-05-29T18:57:04.744+0000] {taskinstance.py:2578} INFO - 0 downstream tasks scheduled from follow-on schedule check
