[2024-05-29T19:14:21.592+0000] {taskinstance.py:1083} INFO - Dependencies all met for <TaskInstance: conference_dag.load_presenter manual__2024-05-29T19:13:53.335173+00:00 [queued]>
[2024-05-29T19:14:21.600+0000] {taskinstance.py:1083} INFO - Dependencies all met for <TaskInstance: conference_dag.load_presenter manual__2024-05-29T19:13:53.335173+00:00 [queued]>
[2024-05-29T19:14:21.600+0000] {taskinstance.py:1279} INFO - 
--------------------------------------------------------------------------------
[2024-05-29T19:14:21.601+0000] {taskinstance.py:1280} INFO - Starting attempt 1 of 1
[2024-05-29T19:14:21.601+0000] {taskinstance.py:1281} INFO - 
--------------------------------------------------------------------------------
[2024-05-29T19:14:21.612+0000] {taskinstance.py:1300} INFO - Executing <Task(BashOperator): load_presenter> on 2024-05-29 19:13:53.335173+00:00
[2024-05-29T19:14:21.616+0000] {standard_task_runner.py:55} INFO - Started process 42992 to run task
[2024-05-29T19:14:21.619+0000] {standard_task_runner.py:82} INFO - Running: ['***', 'tasks', 'run', 'conference_dag', 'load_presenter', 'manual__2024-05-29T19:13:53.335173+00:00', '--job-id', '350', '--raw', '--subdir', 'DAGS_FOLDER/conference_dag.py', '--cfg-path', '/tmp/tmp_f2uzpih']
[2024-05-29T19:14:21.619+0000] {standard_task_runner.py:83} INFO - Job 350: Subtask load_presenter
[2024-05-29T19:14:21.669+0000] {task_command.py:388} INFO - Running <TaskInstance: conference_dag.load_presenter manual__2024-05-29T19:13:53.335173+00:00 [running]> on host 731e27f62632
[2024-05-29T19:14:21.722+0000] {taskinstance.py:1509} INFO - Exporting the following env vars:
AIRFLOW_CTX_DAG_OWNER=***
AIRFLOW_CTX_DAG_ID=conference_dag
AIRFLOW_CTX_TASK_ID=load_presenter
AIRFLOW_CTX_EXECUTION_DATE=2024-05-29T19:13:53.335173+00:00
AIRFLOW_CTX_TRY_NUMBER=1
AIRFLOW_CTX_DAG_RUN_ID=manual__2024-05-29T19:13:53.335173+00:00
[2024-05-29T19:14:21.723+0000] {subprocess.py:63} INFO - Tmp dir root location: 
 /tmp
[2024-05-29T19:14:21.724+0000] {subprocess.py:75} INFO - Running command: ['/bin/bash', '-c', 'set -e; python /opt/***/mysql_utils/load_presenter.py']
[2024-05-29T19:14:21.732+0000] {subprocess.py:86} INFO - Output:
[2024-05-29T19:14:21.968+0000] {subprocess.py:97} INFO - Command exited with return code 0
[2024-05-29T19:14:21.993+0000] {taskinstance.py:1323} INFO - Marking task as SUCCESS. dag_id=conference_dag, task_id=load_presenter, execution_date=20240529T191353, start_date=20240529T191421, end_date=20240529T191421
[2024-05-29T19:14:22.032+0000] {local_task_job.py:208} INFO - Task exited with return code 0
[2024-05-29T19:14:22.066+0000] {taskinstance.py:2578} INFO - 0 downstream tasks scheduled from follow-on schedule check
