[2024-05-30T03:11:41.941+0000] {taskinstance.py:1083} INFO - Dependencies all met for <TaskInstance: conference_dag.load_location manual__2024-05-30T03:11:12.953428+00:00 [queued]>
[2024-05-30T03:11:41.954+0000] {taskinstance.py:1083} INFO - Dependencies all met for <TaskInstance: conference_dag.load_location manual__2024-05-30T03:11:12.953428+00:00 [queued]>
[2024-05-30T03:11:41.955+0000] {taskinstance.py:1279} INFO - 
--------------------------------------------------------------------------------
[2024-05-30T03:11:41.955+0000] {taskinstance.py:1280} INFO - Starting attempt 1 of 1
[2024-05-30T03:11:41.956+0000] {taskinstance.py:1281} INFO - 
--------------------------------------------------------------------------------
[2024-05-30T03:11:41.985+0000] {taskinstance.py:1300} INFO - Executing <Task(BashOperator): load_location> on 2024-05-30 03:11:12.953428+00:00
[2024-05-30T03:11:41.990+0000] {standard_task_runner.py:55} INFO - Started process 3552 to run task
[2024-05-30T03:11:41.994+0000] {standard_task_runner.py:82} INFO - Running: ['***', 'tasks', 'run', 'conference_dag', 'load_location', 'manual__2024-05-30T03:11:12.953428+00:00', '--job-id', '392', '--raw', '--subdir', 'DAGS_FOLDER/conference_dag.py', '--cfg-path', '/tmp/tmpkzmfzvut']
[2024-05-30T03:11:41.995+0000] {standard_task_runner.py:83} INFO - Job 392: Subtask load_location
[2024-05-30T03:11:42.061+0000] {task_command.py:388} INFO - Running <TaskInstance: conference_dag.load_location manual__2024-05-30T03:11:12.953428+00:00 [running]> on host 731e27f62632
[2024-05-30T03:11:42.134+0000] {taskinstance.py:1509} INFO - Exporting the following env vars:
AIRFLOW_CTX_DAG_OWNER=***
AIRFLOW_CTX_DAG_ID=conference_dag
AIRFLOW_CTX_TASK_ID=load_location
AIRFLOW_CTX_EXECUTION_DATE=2024-05-30T03:11:12.953428+00:00
AIRFLOW_CTX_TRY_NUMBER=1
AIRFLOW_CTX_DAG_RUN_ID=manual__2024-05-30T03:11:12.953428+00:00
[2024-05-30T03:11:42.136+0000] {subprocess.py:63} INFO - Tmp dir root location: 
 /tmp
[2024-05-30T03:11:42.137+0000] {subprocess.py:75} INFO - Running command: ['/bin/bash', '-c', 'set -e; python /opt/***/mysql_utils/load_location.py']
[2024-05-30T03:11:42.146+0000] {subprocess.py:86} INFO - Output:
[2024-05-30T03:11:42.450+0000] {subprocess.py:97} INFO - Command exited with return code 0
[2024-05-30T03:11:42.485+0000] {taskinstance.py:1323} INFO - Marking task as SUCCESS. dag_id=conference_dag, task_id=load_location, execution_date=20240530T031112, start_date=20240530T031141, end_date=20240530T031142
[2024-05-30T03:11:42.528+0000] {local_task_job.py:208} INFO - Task exited with return code 0
[2024-05-30T03:11:42.583+0000] {taskinstance.py:2578} INFO - 0 downstream tasks scheduled from follow-on schedule check
