[2024-05-29T19:14:03.407+0000] {taskinstance.py:1083} INFO - Dependencies all met for <TaskInstance: conference_dag.transform_presenter manual__2024-05-29T19:13:53.335173+00:00 [queued]>
[2024-05-29T19:14:03.414+0000] {taskinstance.py:1083} INFO - Dependencies all met for <TaskInstance: conference_dag.transform_presenter manual__2024-05-29T19:13:53.335173+00:00 [queued]>
[2024-05-29T19:14:03.415+0000] {taskinstance.py:1279} INFO - 
--------------------------------------------------------------------------------
[2024-05-29T19:14:03.415+0000] {taskinstance.py:1280} INFO - Starting attempt 1 of 1
[2024-05-29T19:14:03.415+0000] {taskinstance.py:1281} INFO - 
--------------------------------------------------------------------------------
[2024-05-29T19:14:03.429+0000] {taskinstance.py:1300} INFO - Executing <Task(BashOperator): transform_presenter> on 2024-05-29 19:13:53.335173+00:00
[2024-05-29T19:14:03.433+0000] {standard_task_runner.py:55} INFO - Started process 42956 to run task
[2024-05-29T19:14:03.436+0000] {standard_task_runner.py:82} INFO - Running: ['***', 'tasks', 'run', 'conference_dag', 'transform_presenter', 'manual__2024-05-29T19:13:53.335173+00:00', '--job-id', '346', '--raw', '--subdir', 'DAGS_FOLDER/conference_dag.py', '--cfg-path', '/tmp/tmpr9ajbht4']
[2024-05-29T19:14:03.437+0000] {standard_task_runner.py:83} INFO - Job 346: Subtask transform_presenter
[2024-05-29T19:14:03.489+0000] {task_command.py:388} INFO - Running <TaskInstance: conference_dag.transform_presenter manual__2024-05-29T19:13:53.335173+00:00 [running]> on host 731e27f62632
[2024-05-29T19:14:03.545+0000] {taskinstance.py:1509} INFO - Exporting the following env vars:
AIRFLOW_CTX_DAG_OWNER=***
AIRFLOW_CTX_DAG_ID=conference_dag
AIRFLOW_CTX_TASK_ID=transform_presenter
AIRFLOW_CTX_EXECUTION_DATE=2024-05-29T19:13:53.335173+00:00
AIRFLOW_CTX_TRY_NUMBER=1
AIRFLOW_CTX_DAG_RUN_ID=manual__2024-05-29T19:13:53.335173+00:00
[2024-05-29T19:14:03.546+0000] {subprocess.py:63} INFO - Tmp dir root location: 
 /tmp
[2024-05-29T19:14:03.547+0000] {subprocess.py:75} INFO - Running command: ['/bin/bash', '-c', 'set -e; python /opt/***/data_transform/transform_presenter.py']
[2024-05-29T19:14:03.555+0000] {subprocess.py:86} INFO - Output:
[2024-05-29T19:14:08.678+0000] {subprocess.py:97} INFO - Command exited with return code 0
[2024-05-29T19:14:08.699+0000] {taskinstance.py:1323} INFO - Marking task as SUCCESS. dag_id=conference_dag, task_id=transform_presenter, execution_date=20240529T191353, start_date=20240529T191403, end_date=20240529T191408
[2024-05-29T19:14:08.731+0000] {local_task_job.py:208} INFO - Task exited with return code 0
[2024-05-29T19:14:08.753+0000] {taskinstance.py:2578} INFO - 0 downstream tasks scheduled from follow-on schedule check
