[2024-05-29T19:14:19.697+0000] {taskinstance.py:1083} INFO - Dependencies all met for <TaskInstance: conference_dag.transform_conference manual__2024-05-29T19:13:53.335173+00:00 [queued]>
[2024-05-29T19:14:19.708+0000] {taskinstance.py:1083} INFO - Dependencies all met for <TaskInstance: conference_dag.transform_conference manual__2024-05-29T19:13:53.335173+00:00 [queued]>
[2024-05-29T19:14:19.708+0000] {taskinstance.py:1279} INFO - 
--------------------------------------------------------------------------------
[2024-05-29T19:14:19.709+0000] {taskinstance.py:1280} INFO - Starting attempt 1 of 1
[2024-05-29T19:14:19.709+0000] {taskinstance.py:1281} INFO - 
--------------------------------------------------------------------------------
[2024-05-29T19:14:19.722+0000] {taskinstance.py:1300} INFO - Executing <Task(BashOperator): transform_conference> on 2024-05-29 19:13:53.335173+00:00
[2024-05-29T19:14:19.726+0000] {standard_task_runner.py:55} INFO - Started process 42986 to run task
[2024-05-29T19:14:19.729+0000] {standard_task_runner.py:82} INFO - Running: ['***', 'tasks', 'run', 'conference_dag', 'transform_conference', 'manual__2024-05-29T19:13:53.335173+00:00', '--job-id', '348', '--raw', '--subdir', 'DAGS_FOLDER/conference_dag.py', '--cfg-path', '/tmp/tmpgwq_to1c']
[2024-05-29T19:14:19.730+0000] {standard_task_runner.py:83} INFO - Job 348: Subtask transform_conference
[2024-05-29T19:14:19.785+0000] {task_command.py:388} INFO - Running <TaskInstance: conference_dag.transform_conference manual__2024-05-29T19:13:53.335173+00:00 [running]> on host 731e27f62632
[2024-05-29T19:14:19.846+0000] {taskinstance.py:1509} INFO - Exporting the following env vars:
AIRFLOW_CTX_DAG_OWNER=***
AIRFLOW_CTX_DAG_ID=conference_dag
AIRFLOW_CTX_TASK_ID=transform_conference
AIRFLOW_CTX_EXECUTION_DATE=2024-05-29T19:13:53.335173+00:00
AIRFLOW_CTX_TRY_NUMBER=1
AIRFLOW_CTX_DAG_RUN_ID=manual__2024-05-29T19:13:53.335173+00:00
[2024-05-29T19:14:19.848+0000] {subprocess.py:63} INFO - Tmp dir root location: 
 /tmp
[2024-05-29T19:14:19.849+0000] {subprocess.py:75} INFO - Running command: ['/bin/bash', '-c', 'set -e; python /opt/***/data_transform/transform_conference.py']
[2024-05-29T19:14:19.858+0000] {subprocess.py:86} INFO - Output:
[2024-05-29T19:14:19.998+0000] {subprocess.py:93} INFO - Dữ liệu đã được định dạng lại và lưu vào /opt/***/data_stage_2/conferences.json
[2024-05-29T19:14:20.001+0000] {subprocess.py:97} INFO - Command exited with return code 0
[2024-05-29T19:14:20.025+0000] {taskinstance.py:1323} INFO - Marking task as SUCCESS. dag_id=conference_dag, task_id=transform_conference, execution_date=20240529T191353, start_date=20240529T191419, end_date=20240529T191420
[2024-05-29T19:14:20.062+0000] {local_task_job.py:208} INFO - Task exited with return code 0
[2024-05-29T19:14:20.089+0000] {taskinstance.py:2578} INFO - 3 downstream tasks scheduled from follow-on schedule check
