[2024-05-30T02:43:49.976+0000] {taskinstance.py:1083} INFO - Dependencies all met for <TaskInstance: conference_dag.transform_presenter scheduled__2024-05-29T00:00:00+00:00 [queued]>
[2024-05-30T02:43:49.985+0000] {taskinstance.py:1083} INFO - Dependencies all met for <TaskInstance: conference_dag.transform_presenter scheduled__2024-05-29T00:00:00+00:00 [queued]>
[2024-05-30T02:43:49.986+0000] {taskinstance.py:1279} INFO - 
--------------------------------------------------------------------------------
[2024-05-30T02:43:49.986+0000] {taskinstance.py:1280} INFO - Starting attempt 1 of 1
[2024-05-30T02:43:49.986+0000] {taskinstance.py:1281} INFO - 
--------------------------------------------------------------------------------
[2024-05-30T02:43:50.002+0000] {taskinstance.py:1300} INFO - Executing <Task(BashOperator): transform_presenter> on 2024-05-29 00:00:00+00:00
[2024-05-30T02:43:50.007+0000] {standard_task_runner.py:55} INFO - Started process 129 to run task
[2024-05-30T02:43:50.010+0000] {standard_task_runner.py:82} INFO - Running: ['***', 'tasks', 'run', 'conference_dag', 'transform_presenter', 'scheduled__2024-05-29T00:00:00+00:00', '--job-id', '380', '--raw', '--subdir', 'DAGS_FOLDER/conference_dag.py', '--cfg-path', '/tmp/tmpyvl12k_8']
[2024-05-30T02:43:50.011+0000] {standard_task_runner.py:83} INFO - Job 380: Subtask transform_presenter
[2024-05-30T02:43:50.089+0000] {task_command.py:388} INFO - Running <TaskInstance: conference_dag.transform_presenter scheduled__2024-05-29T00:00:00+00:00 [running]> on host 731e27f62632
[2024-05-30T02:43:50.167+0000] {taskinstance.py:1509} INFO - Exporting the following env vars:
AIRFLOW_CTX_DAG_OWNER=***
AIRFLOW_CTX_DAG_ID=conference_dag
AIRFLOW_CTX_TASK_ID=transform_presenter
AIRFLOW_CTX_EXECUTION_DATE=2024-05-29T00:00:00+00:00
AIRFLOW_CTX_TRY_NUMBER=1
AIRFLOW_CTX_DAG_RUN_ID=scheduled__2024-05-29T00:00:00+00:00
[2024-05-30T02:43:50.168+0000] {subprocess.py:63} INFO - Tmp dir root location: 
 /tmp
[2024-05-30T02:43:50.169+0000] {subprocess.py:75} INFO - Running command: ['/bin/bash', '-c', 'set -e; python /opt/***/data_transform/transform_presenter.py']
[2024-05-30T02:43:50.177+0000] {subprocess.py:86} INFO - Output:
[2024-05-30T02:43:55.422+0000] {subprocess.py:97} INFO - Command exited with return code 0
[2024-05-30T02:43:55.483+0000] {taskinstance.py:1323} INFO - Marking task as SUCCESS. dag_id=conference_dag, task_id=transform_presenter, execution_date=20240529T000000, start_date=20240530T024349, end_date=20240530T024355
[2024-05-30T02:43:55.520+0000] {local_task_job.py:208} INFO - Task exited with return code 0
[2024-05-30T02:43:55.550+0000] {taskinstance.py:2578} INFO - 0 downstream tasks scheduled from follow-on schedule check
