[2024-05-29T18:10:45.624+0000] {taskinstance.py:1083} INFO - Dependencies all met for <TaskInstance: conference_dag.transform_location manual__2024-05-29T18:10:36.226350+00:00 [queued]>
[2024-05-29T18:10:45.634+0000] {taskinstance.py:1083} INFO - Dependencies all met for <TaskInstance: conference_dag.transform_location manual__2024-05-29T18:10:36.226350+00:00 [queued]>
[2024-05-29T18:10:45.634+0000] {taskinstance.py:1279} INFO - 
--------------------------------------------------------------------------------
[2024-05-29T18:10:45.635+0000] {taskinstance.py:1280} INFO - Starting attempt 1 of 1
[2024-05-29T18:10:45.636+0000] {taskinstance.py:1281} INFO - 
--------------------------------------------------------------------------------
[2024-05-29T18:10:45.650+0000] {taskinstance.py:1300} INFO - Executing <Task(BashOperator): transform_location> on 2024-05-29 18:10:36.226350+00:00
[2024-05-29T18:10:45.654+0000] {standard_task_runner.py:55} INFO - Started process 34887 to run task
[2024-05-29T18:10:45.658+0000] {standard_task_runner.py:82} INFO - Running: ['***', 'tasks', 'run', 'conference_dag', 'transform_location', 'manual__2024-05-29T18:10:36.226350+00:00', '--job-id', '299', '--raw', '--subdir', 'DAGS_FOLDER/conference_dag.py', '--cfg-path', '/tmp/tmp8xn34gfv']
[2024-05-29T18:10:45.658+0000] {standard_task_runner.py:83} INFO - Job 299: Subtask transform_location
[2024-05-29T18:10:45.719+0000] {task_command.py:388} INFO - Running <TaskInstance: conference_dag.transform_location manual__2024-05-29T18:10:36.226350+00:00 [running]> on host 731e27f62632
[2024-05-29T18:10:45.789+0000] {taskinstance.py:1509} INFO - Exporting the following env vars:
AIRFLOW_CTX_DAG_OWNER=***
AIRFLOW_CTX_DAG_ID=conference_dag
AIRFLOW_CTX_TASK_ID=transform_location
AIRFLOW_CTX_EXECUTION_DATE=2024-05-29T18:10:36.226350+00:00
AIRFLOW_CTX_TRY_NUMBER=1
AIRFLOW_CTX_DAG_RUN_ID=manual__2024-05-29T18:10:36.226350+00:00
[2024-05-29T18:10:45.791+0000] {subprocess.py:63} INFO - Tmp dir root location: 
 /tmp
[2024-05-29T18:10:45.793+0000] {subprocess.py:75} INFO - Running command: ['/bin/bash', '-c', 'set -e; python /opt/***/data_transform/transform_location.py']
[2024-05-29T18:10:45.801+0000] {subprocess.py:86} INFO - Output:
[2024-05-29T18:11:00.965+0000] {subprocess.py:93} INFO - Dữ liệu đã được định dạng lại và lưu vào /opt/***/data_stage_2/conferences.json và /opt/***/data_stage_2/locations.json
[2024-05-29T18:11:00.968+0000] {subprocess.py:97} INFO - Command exited with return code 0
[2024-05-29T18:11:00.996+0000] {taskinstance.py:1323} INFO - Marking task as SUCCESS. dag_id=conference_dag, task_id=transform_location, execution_date=20240529T181036, start_date=20240529T181045, end_date=20240529T181100
[2024-05-29T18:11:01.060+0000] {local_task_job.py:208} INFO - Task exited with return code 0
[2024-05-29T18:11:01.075+0000] {taskinstance.py:2578} INFO - 0 downstream tasks scheduled from follow-on schedule check
