[2024-05-31T11:00:15.047+0000] {taskinstance.py:1083} INFO - Dependencies all met for <TaskInstance: conference_dag.crawl_data manual__2024-05-31T11:00:11.907917+00:00 [queued]>
[2024-05-31T11:00:15.055+0000] {taskinstance.py:1083} INFO - Dependencies all met for <TaskInstance: conference_dag.crawl_data manual__2024-05-31T11:00:11.907917+00:00 [queued]>
[2024-05-31T11:00:15.056+0000] {taskinstance.py:1279} INFO - 
--------------------------------------------------------------------------------
[2024-05-31T11:00:15.056+0000] {taskinstance.py:1280} INFO - Starting attempt 1 of 1
[2024-05-31T11:00:15.056+0000] {taskinstance.py:1281} INFO - 
--------------------------------------------------------------------------------
[2024-05-31T11:00:15.069+0000] {taskinstance.py:1300} INFO - Executing <Task(BashOperator): crawl_data> on 2024-05-31 11:00:11.907917+00:00
[2024-05-31T11:00:15.072+0000] {standard_task_runner.py:55} INFO - Started process 1578 to run task
[2024-05-31T11:00:15.075+0000] {standard_task_runner.py:82} INFO - Running: ['***', 'tasks', 'run', 'conference_dag', 'crawl_data', 'manual__2024-05-31T11:00:11.907917+00:00', '--job-id', '18', '--raw', '--subdir', 'DAGS_FOLDER/conference_dag.py', '--cfg-path', '/tmp/tmp3r5m0pl0']
[2024-05-31T11:00:15.075+0000] {standard_task_runner.py:83} INFO - Job 18: Subtask crawl_data
[2024-05-31T11:00:15.127+0000] {task_command.py:388} INFO - Running <TaskInstance: conference_dag.crawl_data manual__2024-05-31T11:00:11.907917+00:00 [running]> on host 312e62f5d623
[2024-05-31T11:00:15.184+0000] {taskinstance.py:1509} INFO - Exporting the following env vars:
AIRFLOW_CTX_DAG_OWNER=***
AIRFLOW_CTX_DAG_ID=conference_dag
AIRFLOW_CTX_TASK_ID=crawl_data
AIRFLOW_CTX_EXECUTION_DATE=2024-05-31T11:00:11.907917+00:00
AIRFLOW_CTX_TRY_NUMBER=1
AIRFLOW_CTX_DAG_RUN_ID=manual__2024-05-31T11:00:11.907917+00:00
[2024-05-31T11:00:15.185+0000] {subprocess.py:63} INFO - Tmp dir root location: 
 /tmp
[2024-05-31T11:00:15.186+0000] {subprocess.py:75} INFO - Running command: ['/bin/bash', '-c', 'set -e; python /opt/***/crawling/run_spider_conference.py']
[2024-05-31T11:00:15.193+0000] {subprocess.py:86} INFO - Output:
[2024-05-31T11:00:16.413+0000] {subprocess.py:93} INFO - 2024-05-31 11:00:16 [scrapy.utils.log] INFO: Scrapy 2.9.0 started (bot: Crawl_Project)
[2024-05-31T11:00:16.417+0000] {subprocess.py:93} INFO - 2024-05-31 11:00:16 [scrapy.utils.log] INFO: Versions: lxml 4.9.2.0, libxml2 2.9.14, cssselect 1.2.0, parsel 1.8.1, w3lib 2.1.2, Twisted 22.10.0, Python 3.7.16 (default, Jan 18 2023, 03:29:28) - [GCC 10.2.1 20210110], pyOpenSSL 22.1.0 (OpenSSL 3.0.7 1 Nov 2022), cryptography 38.0.4, Platform Linux-5.10.102.1-microsoft-standard-WSL2-x86_64-with-debian-11.6
[2024-05-31T11:00:16.419+0000] {subprocess.py:93} INFO - 2024-05-31 11:00:16 [scrapy.crawler] INFO: Overridden settings:
[2024-05-31T11:00:16.419+0000] {subprocess.py:93} INFO - {'BOT_NAME': 'Crawl_Project',
[2024-05-31T11:00:16.420+0000] {subprocess.py:93} INFO -  'FEED_EXPORT_ENCODING': 'utf-8',
[2024-05-31T11:00:16.420+0000] {subprocess.py:93} INFO -  'NEWSPIDER_MODULE': 'Crawl_Project.spiders',
[2024-05-31T11:00:16.420+0000] {subprocess.py:93} INFO -  'REQUEST_FINGERPRINTER_IMPLEMENTATION': '2.7',
[2024-05-31T11:00:16.420+0000] {subprocess.py:93} INFO -  'ROBOTSTXT_OBEY': True,
[2024-05-31T11:00:16.420+0000] {subprocess.py:93} INFO -  'SPIDER_MODULES': ['Crawl_Project.spiders'],
[2024-05-31T11:00:16.420+0000] {subprocess.py:93} INFO -  'TWISTED_REACTOR': 'twisted.internet.asyncioreactor.AsyncioSelectorReactor'}
[2024-05-31T11:00:16.420+0000] {subprocess.py:93} INFO - 2024-05-31 11:00:16 [asyncio] DEBUG: Using selector: EpollSelector
[2024-05-31T11:00:16.421+0000] {subprocess.py:93} INFO - 2024-05-31 11:00:16 [scrapy.utils.log] DEBUG: Using reactor: twisted.internet.asyncioreactor.AsyncioSelectorReactor
[2024-05-31T11:00:16.421+0000] {subprocess.py:93} INFO - 2024-05-31 11:00:16 [scrapy.utils.log] DEBUG: Using asyncio event loop: asyncio.unix_events._UnixSelectorEventLoop
[2024-05-31T11:00:16.428+0000] {subprocess.py:93} INFO - 2024-05-31 11:00:16 [scrapy.extensions.telnet] INFO: Telnet Password: 45acf964f0931070
[2024-05-31T11:00:16.484+0000] {subprocess.py:93} INFO - 2024-05-31 11:00:16 [scrapy.middleware] INFO: Enabled extensions:
[2024-05-31T11:00:16.484+0000] {subprocess.py:93} INFO - ['scrapy.extensions.corestats.CoreStats',
[2024-05-31T11:00:16.484+0000] {subprocess.py:93} INFO -  'scrapy.extensions.telnet.TelnetConsole',
[2024-05-31T11:00:16.484+0000] {subprocess.py:93} INFO -  'scrapy.extensions.memusage.MemoryUsage',
[2024-05-31T11:00:16.485+0000] {subprocess.py:93} INFO -  'scrapy.extensions.feedexport.FeedExporter',
[2024-05-31T11:00:16.485+0000] {subprocess.py:93} INFO -  'scrapy.extensions.logstats.LogStats']
[2024-05-31T11:00:16.552+0000] {subprocess.py:93} INFO - 2024-05-31 11:00:16 [scrapy.middleware] INFO: Enabled downloader middlewares:
[2024-05-31T11:00:16.552+0000] {subprocess.py:93} INFO - ['scrapy.downloadermiddlewares.robotstxt.RobotsTxtMiddleware',
[2024-05-31T11:00:16.553+0000] {subprocess.py:93} INFO -  'scrapy.downloadermiddlewares.httpauth.HttpAuthMiddleware',
[2024-05-31T11:00:16.553+0000] {subprocess.py:93} INFO -  'scrapy.downloadermiddlewares.downloadtimeout.DownloadTimeoutMiddleware',
[2024-05-31T11:00:16.554+0000] {subprocess.py:93} INFO -  'scrapy.downloadermiddlewares.defaultheaders.DefaultHeadersMiddleware',
[2024-05-31T11:00:16.554+0000] {subprocess.py:93} INFO -  'scrapy.downloadermiddlewares.useragent.UserAgentMiddleware',
[2024-05-31T11:00:16.554+0000] {subprocess.py:93} INFO -  'scrapy.downloadermiddlewares.retry.RetryMiddleware',
[2024-05-31T11:00:16.555+0000] {subprocess.py:93} INFO -  'scrapy.downloadermiddlewares.redirect.MetaRefreshMiddleware',
[2024-05-31T11:00:16.555+0000] {subprocess.py:93} INFO -  'scrapy.downloadermiddlewares.httpcompression.HttpCompressionMiddleware',
[2024-05-31T11:00:16.555+0000] {subprocess.py:93} INFO -  'scrapy.downloadermiddlewares.redirect.RedirectMiddleware',
[2024-05-31T11:00:16.555+0000] {subprocess.py:93} INFO -  'scrapy.downloadermiddlewares.cookies.CookiesMiddleware',
[2024-05-31T11:00:16.556+0000] {subprocess.py:93} INFO -  'scrapy.downloadermiddlewares.httpproxy.HttpProxyMiddleware',
[2024-05-31T11:00:16.556+0000] {subprocess.py:93} INFO -  'scrapy.downloadermiddlewares.stats.DownloaderStats']
[2024-05-31T11:00:16.556+0000] {subprocess.py:93} INFO - 2024-05-31 11:00:16 [scrapy.middleware] INFO: Enabled spider middlewares:
[2024-05-31T11:00:16.556+0000] {subprocess.py:93} INFO - ['scrapy.spidermiddlewares.httperror.HttpErrorMiddleware',
[2024-05-31T11:00:16.556+0000] {subprocess.py:93} INFO -  'scrapy.spidermiddlewares.offsite.OffsiteMiddleware',
[2024-05-31T11:00:16.556+0000] {subprocess.py:93} INFO -  'scrapy.spidermiddlewares.referer.RefererMiddleware',
[2024-05-31T11:00:16.557+0000] {subprocess.py:93} INFO -  'scrapy.spidermiddlewares.urllength.UrlLengthMiddleware',
[2024-05-31T11:00:16.557+0000] {subprocess.py:93} INFO -  'scrapy.spidermiddlewares.depth.DepthMiddleware']
[2024-05-31T11:00:16.557+0000] {subprocess.py:93} INFO - 2024-05-31 11:00:16 [scrapy.middleware] INFO: Enabled item pipelines:
[2024-05-31T11:00:16.557+0000] {subprocess.py:93} INFO - []
[2024-05-31T11:00:16.557+0000] {subprocess.py:93} INFO - 2024-05-31 11:00:16 [scrapy.core.engine] INFO: Spider opened
[2024-05-31T11:00:16.613+0000] {subprocess.py:93} INFO - 2024-05-31 11:00:16 [scrapy.extensions.logstats] INFO: Crawled 0 pages (at 0 pages/min), scraped 0 items (at 0 items/min)
[2024-05-31T11:00:16.614+0000] {subprocess.py:93} INFO - 2024-05-31 11:00:16 [scrapy.extensions.telnet] INFO: Telnet console listening on 127.0.0.1:6023
[2024-05-31T11:00:17.792+0000] {subprocess.py:93} INFO - 2024-05-31 11:00:17 [scrapy.core.engine] DEBUG: Crawled (200) <GET https://www.lix.polytechnique.fr/robots.txt> (referer: None)
[2024-05-31T11:00:19.700+0000] {subprocess.py:93} INFO - 2024-05-31 11:00:19 [scrapy.core.engine] DEBUG: Crawled (200) <GET https://www.lix.polytechnique.fr/~hermann/conf.php> (referer: None)
[2024-05-31T11:00:19.808+0000] {subprocess.py:93} INFO - 2024-05-31 11:00:19 [scrapy.core.scraper] DEBUG: Scraped from <200 https://www.lix.polytechnique.fr/~hermann/conf.php>
[2024-05-31T11:00:19.809+0000] {subprocess.py:93} INFO - {'name': 'Formal Aspects of Component Software', 'link': 'https://facs-conference.github.io/2024/', 'location': 'Milan, Italy', 'deadline': '23/30 May 2024', 'date': '9-10 September 2024', 'subformat': 'llncs2e.zip'}
[2024-05-31T11:00:19.809+0000] {subprocess.py:93} INFO - 2024-05-31 11:00:19 [scrapy.core.scraper] DEBUG: Scraped from <200 https://www.lix.polytechnique.fr/~hermann/conf.php>
[2024-05-31T11:00:19.809+0000] {subprocess.py:93} INFO - {'name': 'Algorithmic Decision Theory', 'link': 'https://preflib.github.io/adt2024/', 'location': 'Piscataway, New Jersey, USA', 'deadline': '24/31 May 2024', 'date': '14-16 October 2024', 'subformat': 'llncs2e.zip'}
[2024-05-31T11:00:19.810+0000] {subprocess.py:93} INFO - 2024-05-31 11:00:19 [scrapy.core.scraper] DEBUG: Scraped from <200 https://www.lix.polytechnique.fr/~hermann/conf.php>
[2024-05-31T11:00:19.810+0000] {subprocess.py:93} INFO - {'name': 'Reachability Problems', 'link': 'https://easychair.org/smart-program/RP24/', 'location': 'Vienna, Austria', 'deadline': '27/30 May 2024', 'date': '25-27 September 2024', 'subformat': 'llncs2e.zip'}
[2024-05-31T11:00:19.811+0000] {subprocess.py:93} INFO - 2024-05-31 11:00:19 [scrapy.core.scraper] DEBUG: Scraped from <200 https://www.lix.polytechnique.fr/~hermann/conf.php>
[2024-05-31T11:00:19.811+0000] {subprocess.py:93} INFO - {'name': 'Asian Symposium on Programming Languages and Systems', 'link': 'https://conf.researchr.org/home/aplas-2024', 'location': 'Kyoto, Japan', 'deadline': '31 May 2024', 'date': '22-25 October 2024', 'subformat': 'llncs2e.zip'}
[2024-05-31T11:00:19.811+0000] {subprocess.py:93} INFO - 2024-05-31 11:00:19 [scrapy.core.scraper] DEBUG: Scraped from <200 https://www.lix.polytechnique.fr/~hermann/conf.php>
[2024-05-31T11:00:19.811+0000] {subprocess.py:93} INFO - {'name': 'Graph Drawing', 'link': 'https://graphdrawing.github.io/gd2024//', 'location': 'Vienna, Austria', 'deadline': '31 May / 7 June 2024', 'date': '18-20 September 2024', 'subformat': 'https://submission.dagstuhl.de/styles/download-tag/lipics/v2021.1.3/authors/zip/lipics-authors-v2021.1.3.zip'}
[2024-05-31T11:00:19.812+0000] {subprocess.py:93} INFO - 2024-05-31 11:00:19 [scrapy.core.scraper] DEBUG: Scraped from <200 https://www.lix.polytechnique.fr/~hermann/conf.php>
[2024-05-31T11:00:19.812+0000] {subprocess.py:93} INFO - {'name': 'Logical and Semantic Frameworks with Applications', 'link': 'https://sites.google.com/ufg.br/lsfa2024', 'location': 'Goiânia, Brazil', 'deadline': '31 May / 7 June 2024', 'date': '18-20 September 2024', 'subformat': 'https://style.eptcs.org/'}
[2024-05-31T11:00:19.812+0000] {subprocess.py:93} INFO - 2024-05-31 11:00:19 [scrapy.core.scraper] DEBUG: Scraped from <200 https://www.lix.polytechnique.fr/~hermann/conf.php>
[2024-05-31T11:00:19.813+0000] {subprocess.py:93} INFO - {'name': 'Internet of Things: Systems, Management and Security', 'link': 'https://emergingtechnet.org/IOTSMS2024/', 'location': 'Malmö, Sweden', 'deadline': '1 June 2024', 'date': '2-5 September 2024', 'subformat': 'https://www.ieee.org/conferences/publishing/templates.html'}
[2024-05-31T11:00:19.813+0000] {subprocess.py:93} INFO - 2024-05-31 11:00:19 [scrapy.core.scraper] DEBUG: Scraped from <200 https://www.lix.polytechnique.fr/~hermann/conf.php>
[2024-05-31T11:00:19.813+0000] {subprocess.py:93} INFO - {'name': 'Algorithmic Aspects in Information and Management', 'link': 'https://theory.utdallas.edu/AAIM2024/', 'location': 'Dallas, Texas. USA', 'deadline': '1 June 2024', 'date': '21-23 September 2024', 'subformat': 'llncs2e.zip'}
[2024-05-31T11:00:19.814+0000] {subprocess.py:93} INFO - 2024-05-31 11:00:19 [scrapy.core.scraper] DEBUG: Scraped from <200 https://www.lix.polytechnique.fr/~hermann/conf.php>
[2024-05-31T11:00:19.814+0000] {subprocess.py:93} INFO - {'name': 'International Joint Conference on Rules and Reasoning', 'link': 'https://2024.declarativeai.net/events/ruleml-rr', 'location': 'Bucharest, Romania', 'deadline': '1/7 June 2024', 'date': '16-18 September 2024', 'subformat': 'llncs2e.zip'}
[2024-05-31T11:00:19.815+0000] {subprocess.py:93} INFO - 2024-05-31 11:00:19 [scrapy.core.scraper] DEBUG: Scraped from <200 https://www.lix.polytechnique.fr/~hermann/conf.php>
[2024-05-31T11:00:19.815+0000] {subprocess.py:93} INFO - {'name': 'Journées sur les Arithmétiques Faibles', 'link': 'https://www.uni-passau.de/en/jaf', 'location': 'Passau, Germany', 'deadline': '2 June 2024', 'date': '9-11 September 2024', 'subformat': None}
[2024-05-31T11:00:19.815+0000] {subprocess.py:93} INFO - 2024-05-31 11:00:19 [scrapy.core.scraper] DEBUG: Scraped from <200 https://www.lix.polytechnique.fr/~hermann/conf.php>
[2024-05-31T11:00:19.815+0000] {subprocess.py:93} INFO - {'name': 'Integrated Formal Methods', 'link': 'https://ifm2024.cs.manchester.ac.uk/', 'location': 'Manchester, UK', 'deadline': '3/10 June 2024', 'date': '13-15 November 2024', 'subformat': 'llncs2e.zip'}
[2024-05-31T11:00:19.816+0000] {subprocess.py:93} INFO - 2024-05-31 11:00:19 [scrapy.core.scraper] DEBUG: Scraped from <200 https://www.lix.polytechnique.fr/~hermann/conf.php>
[2024-05-31T11:00:19.816+0000] {subprocess.py:93} INFO - {'name': 'Pragmatics of SAT', 'link': 'http://www.pragmaticsofsat.org/2024/', 'location': 'Pune, India', 'deadline': '5 June 2024', 'date': '20 August 2024', 'subformat': 'https://ceur-ws.org/Vol-XXX/CEURART.zip'}
[2024-05-31T11:00:19.817+0000] {subprocess.py:93} INFO - 2024-05-31 11:00:19 [scrapy.core.scraper] DEBUG: Scraped from <200 https://www.lix.polytechnique.fr/~hermann/conf.php>
[2024-05-31T11:00:19.817+0000] {subprocess.py:93} INFO - {'name': 'Algorithmic of Wireless Networks', 'link': 'https://algo-conference.org/2024/algowin/', 'location': 'Egham, United Kingdom', 'deadline': '7 June 2024', 'date': '5-6 September 2024', 'subformat': 'llncs2e.zip'}
[2024-05-31T11:00:19.817+0000] {subprocess.py:93} INFO - 2024-05-31 11:00:19 [scrapy.core.scraper] DEBUG: Scraped from <200 https://www.lix.polytechnique.fr/~hermann/conf.php>
[2024-05-31T11:00:19.818+0000] {subprocess.py:93} INFO - {'name': 'Software Engineering and Formal Methods', 'link': 'https://sefm-conference.github.io/2024/', 'location': 'Aveiro, Portugal', 'deadline': '7/14 June 2024', 'date': '4-8 November 2024', 'subformat': 'llncs2e.zip'}
[2024-05-31T11:00:19.818+0000] {subprocess.py:93} INFO - 2024-05-31 11:00:19 [scrapy.core.scraper] DEBUG: Scraped from <200 https://www.lix.polytechnique.fr/~hermann/conf.php>
[2024-05-31T11:00:19.818+0000] {subprocess.py:93} INFO - {'name': 'Italian Conference on Theoretical Computer Science', 'link': 'https://ictcs2024.di.unito.it/', 'location': 'Torino, Italy', 'deadline': '9 June 2024', 'date': '11-13 September 2024', 'subformat': 'llncs2e.zip'}
[2024-05-31T11:00:19.819+0000] {subprocess.py:93} INFO - 2024-05-31 11:00:19 [scrapy.core.scraper] DEBUG: Scraped from <200 https://www.lix.polytechnique.fr/~hermann/conf.php>
[2024-05-31T11:00:19.819+0000] {subprocess.py:93} INFO - {'name': 'Tests and Proofs', 'link': 'https://tapconference.github.io/2024/', 'location': 'Milan, Italy', 'deadline': '12/14 June 2024', 'date': '9–10 September 2024', 'subformat': 'llncs2e.zip'}
[2024-05-31T11:00:19.819+0000] {subprocess.py:93} INFO - 2024-05-31 11:00:19 [scrapy.core.scraper] DEBUG: Scraped from <200 https://www.lix.polytechnique.fr/~hermann/conf.php>
[2024-05-31T11:00:19.820+0000] {subprocess.py:93} INFO - {'name': 'International Colloquium on Theoretical Aspects of Computing', 'link': 'https://ictac2024.cs.ait.ac.th/', 'location': 'Bangkok, Thailand', 'deadline': '14/21 June 2024', 'date': '25-29 November 2024', 'subformat': 'llncs2e.zip'}
[2024-05-31T11:00:19.820+0000] {subprocess.py:93} INFO - 2024-05-31 11:00:19 [scrapy.core.scraper] DEBUG: Scraped from <200 https://www.lix.polytechnique.fr/~hermann/conf.php>
[2024-05-31T11:00:19.820+0000] {subprocess.py:93} INFO - {'name': 'Machine Learning for Cybersecurity', 'link': 'https://mlcs.lasige.di.fc.ul.pt/', 'location': 'Vilnius, Lithuania', 'deadline': '15 June 2024', 'date': '9-13 September 2024', 'subformat': 'llncs2e.zip'}
[2024-05-31T11:00:19.821+0000] {subprocess.py:93} INFO - 2024-05-31 11:00:19 [scrapy.core.scraper] DEBUG: Scraped from <200 https://www.lix.polytechnique.fr/~hermann/conf.php>
[2024-05-31T11:00:19.821+0000] {subprocess.py:93} INFO - {'name': 'Logic and Applications', 'link': 'https://lap.math.hr/LAP2024/', 'location': 'Dubrovnik, Croatia', 'deadline': '15 June 2024', 'date': '23-27 September 2024', 'subformat': 'https://lap.math.hr/LAP2024/files/LAP_2024_LatexTemplate.tex'}
[2024-05-31T11:00:19.822+0000] {subprocess.py:93} INFO - 2024-05-31 11:00:19 [scrapy.core.scraper] DEBUG: Scraped from <200 https://www.lix.polytechnique.fr/~hermann/conf.php>
[2024-05-31T11:00:19.822+0000] {subprocess.py:93} INFO - {'name': 'Web Information Systems Engineering', 'link': 'https://wise2024-qatar.com/', 'location': 'Doha, Qatar', 'deadline': '20/30 June 2024', 'date': '2-5 December 2024', 'subformat': 'llncs2e.zip'}
[2024-05-31T11:00:19.822+0000] {subprocess.py:93} INFO - 2024-05-31 11:00:19 [scrapy.core.scraper] DEBUG: Scraped from <200 https://www.lix.polytechnique.fr/~hermann/conf.php>
[2024-05-31T11:00:19.823+0000] {subprocess.py:93} INFO - {'name': 'Temporal Representation and Reasoning', 'link': 'https://www.lirmm.fr/time2024/', 'location': 'Montpellier, France', 'deadline': '21 June 2024', 'date': '28-30 October 2024', 'subformat': 'https://submission.dagstuhl.de/styles/download-tag/lipics/v2021.1.3/authors/zip/lipics-authors-v2021.1.3.zip'}
[2024-05-31T11:00:19.823+0000] {subprocess.py:93} INFO - 2024-05-31 11:00:19 [scrapy.core.scraper] DEBUG: Scraped from <200 https://www.lix.polytechnique.fr/~hermann/conf.php>
[2024-05-31T11:00:19.823+0000] {subprocess.py:93} INFO - {'name': 'Logic Programming and Non-Monotonic Reasoning', 'link': 'https://lpnmr2024.demacs.unical.it/', 'location': 'Dallas, Texas, USA', 'deadline': '21/28 June 2024', 'date': '11-14 October 2024', 'subformat': 'llncs2e.zip'}
[2024-05-31T11:00:19.824+0000] {subprocess.py:93} INFO - 2024-05-31 11:00:19 [scrapy.core.scraper] DEBUG: Scraped from <200 https://www.lix.polytechnique.fr/~hermann/conf.php>
[2024-05-31T11:00:19.824+0000] {subprocess.py:93} INFO - {'name': 'International Symposium on Parameterized and Exact Computation', 'link': 'https://algo-conference.org/2024/ipec/', 'location': 'Egham, United Kingdom', 'deadline': '26/30 June 2024', 'date': '4-6 September 2024', 'subformat': 'https://submission.dagstuhl.de/styles/download-tag/lipics/v2021.1.3/authors/zip/lipics-authors-v2021.1.3.zip'}
[2024-05-31T11:00:19.824+0000] {subprocess.py:93} INFO - 2024-05-31 11:00:19 [scrapy.core.scraper] DEBUG: Scraped from <200 https://www.lix.polytechnique.fr/~hermann/conf.php>
[2024-05-31T11:00:19.825+0000] {subprocess.py:93} INFO - {'name': 'International Symposium on Algorithms and Computation', 'link': 'https://sites.google.com/view/isaac2024/', 'location': 'Sydney, Australia', 'deadline': '28 June 2024', 'date': '8-12 December 2024', 'subformat': 'https://submission.dagstuhl.de/styles/download-tag/lipics/v2021.1.3/authors/zip/lipics-authors-v2021.1.3.zip'}
[2024-05-31T11:00:19.825+0000] {subprocess.py:93} INFO - 2024-05-31 11:00:19 [scrapy.core.scraper] DEBUG: Scraped from <200 https://www.lix.polytechnique.fr/~hermann/conf.php>
[2024-05-31T11:00:19.825+0000] {subprocess.py:93} INFO - {'name': 'Federated Conference on Computer Science and Information Systems', 'link': 'https://2024.fedcsis.org/', 'location': 'Belgrade, Serbia', 'deadline': '28 May 2024', 'date': '8-11 September 2024', 'subformat': 'https://fedcsis.org/resources/latex.zip'}
[2024-05-31T11:00:19.826+0000] {subprocess.py:93} INFO - 2024-05-31 11:00:19 [scrapy.core.scraper] DEBUG: Scraped from <200 https://www.lix.polytechnique.fr/~hermann/conf.php>
[2024-05-31T11:00:19.826+0000] {subprocess.py:93} INFO - {'name': 'Algorithmic Approaches for Transportation Modelling, Optimization, and Systems', 'link': 'https://algo-conference.org/2024/atmos/', 'location': 'Egham, United Kingdom', 'deadline': '30 June 2024', 'date': '5-6 September 2024', 'subformat': 'https://www.dagstuhl.de/en/publishing/series/details/oasics'}
[2024-05-31T11:00:19.826+0000] {subprocess.py:93} INFO - 2024-05-31 11:00:19 [scrapy.core.scraper] DEBUG: Scraped from <200 https://www.lix.polytechnique.fr/~hermann/conf.php>
[2024-05-31T11:00:19.827+0000] {subprocess.py:93} INFO - {'name': 'Algorithms for Cloud-Based Systems', 'link': 'https://algo-conference.org/2024/algocloud/', 'location': 'Egham, United Kingdom', 'deadline': '1 July 2024', 'date': '2-3 September 2024', 'subformat': 'llncs2e.zip'}
[2024-05-31T11:00:19.827+0000] {subprocess.py:93} INFO - 2024-05-31 11:00:19 [scrapy.core.scraper] DEBUG: Scraped from <200 https://www.lix.polytechnique.fr/~hermann/conf.php>
[2024-05-31T11:00:19.827+0000] {subprocess.py:93} INFO - {'name': 'International Conference on Tools with Artificial Intelligence', 'link': 'https://ictai.computer.org/2024/', 'location': 'Herndon, Virginia, USA', 'deadline': '1 July 2024', 'date': '28-30 October 2024', 'subformat': 'http://www.ieee.org/publications_standards/publications/authors/IEEEtran.tgz'}
[2024-05-31T11:00:19.828+0000] {subprocess.py:93} INFO - 2024-05-31 11:00:19 [scrapy.core.scraper] DEBUG: Scraped from <200 https://www.lix.polytechnique.fr/~hermann/conf.php>
[2024-05-31T11:00:19.828+0000] {subprocess.py:93} INFO - {'name': 'Workshop on Approximation and Online Algorithms', 'link': 'https://algo-conference.org/2024/waoa/', 'location': 'Egham, United Kingdom', 'deadline': '3 July 2024', 'date': '5-6 September 2024', 'subformat': 'llncs2e.zip'}
[2024-05-31T11:00:19.828+0000] {subprocess.py:93} INFO - 2024-05-31 11:00:19 [scrapy.core.scraper] DEBUG: Scraped from <200 https://www.lix.polytechnique.fr/~hermann/conf.php>
[2024-05-31T11:00:19.829+0000] {subprocess.py:93} INFO - {'name': 'Foundations of Software Technology and Theoretical Computer Science', 'link': 'https://www.fsttcs.org.in/2024/', 'location': 'Gandhinagar, Gujarat, India', 'deadline': '5 July 2024', 'date': '16-18 December 2024', 'subformat': 'https://submission.dagstuhl.de/styles/download-tag/lipics/v2021.1.3/authors/zip/lipics-authors-v2021.1.3.zip'}
[2024-05-31T11:00:19.829+0000] {subprocess.py:93} INFO - 2024-05-31 11:00:19 [scrapy.core.scraper] DEBUG: Scraped from <200 https://www.lix.polytechnique.fr/~hermann/conf.php>
[2024-05-31T11:00:19.829+0000] {subprocess.py:93} INFO - {'name': 'Symposium on Discrete Algorithms', 'link': 'https://www.siam.org/conferences/cm/conference/soda25', 'location': 'New Orleans, Lousiana, USA', 'deadline': '5 July 2024', 'date': '12-15 January 2025', 'subformat': None}
[2024-05-31T11:00:19.830+0000] {subprocess.py:93} INFO - 2024-05-31 11:00:19 [scrapy.core.scraper] DEBUG: Scraped from <200 https://www.lix.polytechnique.fr/~hermann/conf.php>
[2024-05-31T11:00:19.830+0000] {subprocess.py:93} INFO - {'name': 'Cyber Security, Cryptology and Machine Learning', 'link': 'https://www.cscml.org/', 'location': None, 'deadline': '6 or 7 July 2024', 'date': '19-20 December 2024', 'subformat': 'llncs2e.zip'}
[2024-05-31T11:00:19.830+0000] {subprocess.py:93} INFO - 2024-05-31 11:00:19 [scrapy.core.scraper] DEBUG: Scraped from <200 https://www.lix.polytechnique.fr/~hermann/conf.php>
[2024-05-31T11:00:19.830+0000] {subprocess.py:93} INFO - {'name': 'Non-Monotonic Reasoning', 'link': 'https://nmr.krportal.org/2024/', 'location': 'Hanoi, Vietnam', 'deadline': '7/12 July 2024', 'date': '2-4 November 2024', 'subformat': 'http://ceur-ws.org/'}
[2024-05-31T11:00:19.831+0000] {subprocess.py:93} INFO - 2024-05-31 11:00:19 [scrapy.core.scraper] DEBUG: Scraped from <200 https://www.lix.polytechnique.fr/~hermann/conf.php>
[2024-05-31T11:00:19.831+0000] {subprocess.py:93} INFO - {'name': 'International Conference on Logic Programming', 'link': 'https://www.iclp24.utdallas.edu/', 'location': 'Dallas, Texas, USA', 'deadline': '8 July 2024', 'date': '11-17 October 2024', 'subformat': 'http://style.eptcs.org/'}
[2024-05-31T11:00:19.832+0000] {subprocess.py:93} INFO - 2024-05-31 11:00:19 [scrapy.core.scraper] DEBUG: Scraped from <200 https://www.lix.polytechnique.fr/~hermann/conf.php>
[2024-05-31T11:00:19.832+0000] {subprocess.py:93} INFO - {'name': 'Principles of Programming Languages', 'link': 'https://conf.researchr.org/home/POPL-2025', 'location': 'Denver, Colorado, USA', 'deadline': '11 July 2024', 'date': '19-25 January 2025', 'subformat': 'https://github.com/borisveytsman/acmart/'}
[2024-05-31T11:00:19.832+0000] {subprocess.py:93} INFO - 2024-05-31 11:00:19 [scrapy.core.scraper] DEBUG: Scraped from <200 https://www.lix.polytechnique.fr/~hermann/conf.php>
[2024-05-31T11:00:19.832+0000] {subprocess.py:93} INFO - {'name': 'Verified Software: Theories, Tools, and Experiments', 'link': 'https://www.soundandcomplete.org/vstte2024.html', 'location': 'Prague, Czech Republic', 'deadline': '18 July 2024', 'date': '14-15 October 2024', 'subformat': 'llncs2e.zip'}
[2024-05-31T11:00:19.833+0000] {subprocess.py:93} INFO - 2024-05-31 11:00:19 [scrapy.core.scraper] DEBUG: Scraped from <200 https://www.lix.polytechnique.fr/~hermann/conf.php>
[2024-05-31T11:00:19.833+0000] {subprocess.py:93} INFO - {'name': 'Algorithm Engineering and Experiments', 'link': 'https://www.siam.org/conferences/cm/conference/alenex25', 'location': 'New Orleans, Lousiana, USA', 'deadline': '18 July 2024', 'date': '12-13 January 2025', 'subformat': 'https://www.siam.org/Portals/0/Conferences/Proceedings/SIAMproceedings_112723.zip?ver=2024-03-13-145152-273'}
[2024-05-31T11:00:19.834+0000] {subprocess.py:93} INFO - 2024-05-31 11:00:19 [scrapy.core.scraper] DEBUG: Scraped from <200 https://www.lix.polytechnique.fr/~hermann/conf.php>
[2024-05-31T11:00:19.834+0000] {subprocess.py:93} INFO - {'name': 'Computer Science Logic', 'link': 'https://csl2025.github.io/', 'location': 'Amsterdam, The Netherlands', 'deadline': '18/23 July 2024', 'date': '10-14 February 2025', 'subformat': 'https://submission.dagstuhl.de/styles/download-tag/lipics/v2021.1.3/authors/zip/lipics-authors-v2021.1.3.zip'}
[2024-05-31T11:00:19.835+0000] {subprocess.py:93} INFO - 2024-05-31 11:00:19 [scrapy.core.scraper] DEBUG: Scraped from <200 https://www.lix.polytechnique.fr/~hermann/conf.php>
[2024-05-31T11:00:19.835+0000] {subprocess.py:93} INFO - {'name': 'International Conference on Distributed Computing and Networking', 'link': 'https://cse.iith.ac.in/icdcn-2025/', 'location': 'Hyderabad, India', 'deadline': '25 July 2024', 'date': '4-7 January 2025', 'subformat': 'https://github.com/borisveytsman/acmart/'}
[2024-05-31T11:00:19.836+0000] {subprocess.py:93} INFO - 2024-05-31 11:00:19 [scrapy.core.scraper] DEBUG: Scraped from <200 https://www.lix.polytechnique.fr/~hermann/conf.php>
[2024-05-31T11:00:19.836+0000] {subprocess.py:93} INFO - {'name': 'Computing with Terms and Graphs', 'link': 'http://termgraph.org.uk/2024/', 'location': 'post-proceedings', 'deadline': '1 August 2024', 'date': '7 April 2024', 'subformat': 'https://style.eptcs.org/'}
[2024-05-31T11:00:19.836+0000] {subprocess.py:93} INFO - 2024-05-31 11:00:19 [scrapy.core.scraper] DEBUG: Scraped from <200 https://www.lix.polytechnique.fr/~hermann/conf.php>
[2024-05-31T11:00:19.836+0000] {subprocess.py:93} INFO - {'name': 'Knowledge Discovery and Data Mining', 'link': 'https://kdd2024.kdd.org/', 'location': '???', 'deadline': '1/8 August 2024', 'date': None, 'subformat': None}
[2024-05-31T11:00:19.837+0000] {subprocess.py:93} INFO - 2024-05-31 11:00:19 [scrapy.core.scraper] DEBUG: Scraped from <200 https://www.lix.polytechnique.fr/~hermann/conf.php>
[2024-05-31T11:00:19.837+0000] {subprocess.py:93} INFO - {'name': 'Symposium on Simplicity in Algorithms', 'link': 'https://www.siam.org/conferences/cm/conference/sosa25', 'location': 'New Orleans, Lousiana, USA', 'deadline': '5/8 August 2024', 'date': '13-14 January 2025', 'subformat': 'https://www.siam.org/conferences/cm/conference/soda25'}
[2024-05-31T11:00:19.838+0000] {subprocess.py:93} INFO - 2024-05-31 11:00:19 [scrapy.core.scraper] DEBUG: Scraped from <200 https://www.lix.polytechnique.fr/~hermann/conf.php>
[2024-05-31T11:00:19.838+0000] {subprocess.py:93} INFO - {'name': 'Workshop on Algebraic Development Techniques', 'link': 'https://conf.researchr.org/home/wadt-2024', 'location': 'post-proceedings', 'deadline': '16 September 2024', 'date': None, 'subformat': None}
[2024-05-31T11:00:19.838+0000] {subprocess.py:93} INFO - 2024-05-31 11:00:19 [scrapy.core.scraper] DEBUG: Scraped from <200 https://www.lix.polytechnique.fr/~hermann/conf.php>
[2024-05-31T11:00:19.839+0000] {subprocess.py:93} INFO - {'name': 'International Conference and Workshops on Algorithms and Computation', 'link': 'https://tcsuestc.com/walcom2025', 'location': 'Chengdu, China', 'deadline': '22 September 2024', 'date': '28 February - 2 March 2025', 'subformat': 'llncs2e.zip'}
[2024-05-31T11:00:19.840+0000] {subprocess.py:93} INFO - 2024-05-31 11:00:19 [scrapy.core.engine] INFO: Closing spider (finished)
[2024-05-31T11:00:19.841+0000] {subprocess.py:93} INFO - 2024-05-31 11:00:19 [scrapy.extensions.feedexport] INFO: Stored json feed (44 items) in: /opt/***/data_stage_1/stage_1.json
[2024-05-31T11:00:19.842+0000] {subprocess.py:93} INFO - 2024-05-31 11:00:19 [scrapy.statscollectors] INFO: Dumping Scrapy stats:
[2024-05-31T11:00:19.842+0000] {subprocess.py:93} INFO - {'downloader/request_bytes': 634,
[2024-05-31T11:00:19.842+0000] {subprocess.py:93} INFO -  'downloader/request_count': 2,
[2024-05-31T11:00:19.842+0000] {subprocess.py:93} INFO -  'downloader/request_method_count/GET': 2,
[2024-05-31T11:00:19.842+0000] {subprocess.py:93} INFO -  'downloader/response_bytes': 125573,
[2024-05-31T11:00:19.843+0000] {subprocess.py:93} INFO -  'downloader/response_count': 2,
[2024-05-31T11:00:19.843+0000] {subprocess.py:93} INFO -  'downloader/response_status_count/200': 2,
[2024-05-31T11:00:19.843+0000] {subprocess.py:93} INFO -  'elapsed_time_seconds': 3.229005,
[2024-05-31T11:00:19.843+0000] {subprocess.py:93} INFO -  'feedexport/success_count/FileFeedStorage': 1,
[2024-05-31T11:00:19.843+0000] {subprocess.py:93} INFO -  'finish_reason': 'finished',
[2024-05-31T11:00:19.843+0000] {subprocess.py:93} INFO -  'finish_time': datetime.datetime(2024, 5, 31, 11, 0, 19, 840939),
[2024-05-31T11:00:19.844+0000] {subprocess.py:93} INFO -  'httpcompression/response_bytes': 14,
[2024-05-31T11:00:19.844+0000] {subprocess.py:93} INFO -  'httpcompression/response_count': 1,
[2024-05-31T11:00:19.844+0000] {subprocess.py:93} INFO -  'item_scraped_count': 44,
[2024-05-31T11:00:19.844+0000] {subprocess.py:93} INFO -  'log_count/DEBUG': 49,
[2024-05-31T11:00:19.844+0000] {subprocess.py:93} INFO -  'log_count/INFO': 11,
[2024-05-31T11:00:19.844+0000] {subprocess.py:93} INFO -  'memusage/max': 67805184,
[2024-05-31T11:00:19.844+0000] {subprocess.py:93} INFO -  'memusage/startup': 67805184,
[2024-05-31T11:00:19.845+0000] {subprocess.py:93} INFO -  'response_received_count': 2,
[2024-05-31T11:00:19.845+0000] {subprocess.py:93} INFO -  'robotstxt/request_count': 1,
[2024-05-31T11:00:19.845+0000] {subprocess.py:93} INFO -  'robotstxt/response_count': 1,
[2024-05-31T11:00:19.845+0000] {subprocess.py:93} INFO -  'robotstxt/response_status_count/200': 1,
[2024-05-31T11:00:19.845+0000] {subprocess.py:93} INFO -  'scheduler/dequeued': 1,
[2024-05-31T11:00:19.846+0000] {subprocess.py:93} INFO -  'scheduler/dequeued/memory': 1,
[2024-05-31T11:00:19.846+0000] {subprocess.py:93} INFO -  'scheduler/enqueued': 1,
[2024-05-31T11:00:19.846+0000] {subprocess.py:93} INFO -  'scheduler/enqueued/memory': 1,
[2024-05-31T11:00:19.846+0000] {subprocess.py:93} INFO -  'start_time': datetime.datetime(2024, 5, 31, 11, 0, 16, 611934)}
[2024-05-31T11:00:19.846+0000] {subprocess.py:93} INFO - 2024-05-31 11:00:19 [scrapy.core.engine] INFO: Spider closed (finished)
[2024-05-31T11:00:19.965+0000] {subprocess.py:93} INFO - 22.10.0
[2024-05-31T11:00:19.965+0000] {subprocess.py:93} INFO - 22.10.0
[2024-05-31T11:00:19.966+0000] {subprocess.py:93} INFO - 22.10.0
[2024-05-31T11:00:19.966+0000] {subprocess.py:93} INFO - 22.10.0
[2024-05-31T11:00:19.989+0000] {subprocess.py:97} INFO - Command exited with return code 0
[2024-05-31T11:00:20.008+0000] {taskinstance.py:1323} INFO - Marking task as SUCCESS. dag_id=conference_dag, task_id=crawl_data, execution_date=20240531T110011, start_date=20240531T110015, end_date=20240531T110020
[2024-05-31T11:00:20.061+0000] {local_task_job.py:208} INFO - Task exited with return code 0
[2024-05-31T11:00:20.089+0000] {taskinstance.py:2578} INFO - 3 downstream tasks scheduled from follow-on schedule check
