[2024-05-29T18:59:48.707+0000] {taskinstance.py:1083} INFO - Dependencies all met for <TaskInstance: conference_dag.transform_location manual__2024-05-29T18:59:33.054175+00:00 [queued]>
[2024-05-29T18:59:48.716+0000] {taskinstance.py:1083} INFO - Dependencies all met for <TaskInstance: conference_dag.transform_location manual__2024-05-29T18:59:33.054175+00:00 [queued]>
[2024-05-29T18:59:48.717+0000] {taskinstance.py:1279} INFO - 
--------------------------------------------------------------------------------
[2024-05-29T18:59:48.717+0000] {taskinstance.py:1280} INFO - Starting attempt 1 of 1
[2024-05-29T18:59:48.718+0000] {taskinstance.py:1281} INFO - 
--------------------------------------------------------------------------------
[2024-05-29T18:59:48.732+0000] {taskinstance.py:1300} INFO - Executing <Task(BashOperator): transform_location> on 2024-05-29 18:59:33.054175+00:00
[2024-05-29T18:59:48.736+0000] {standard_task_runner.py:55} INFO - Started process 41115 to run task
[2024-05-29T18:59:48.739+0000] {standard_task_runner.py:82} INFO - Running: ['***', 'tasks', 'run', 'conference_dag', 'transform_location', 'manual__2024-05-29T18:59:33.054175+00:00', '--job-id', '328', '--raw', '--subdir', 'DAGS_FOLDER/conference_dag.py', '--cfg-path', '/tmp/tmptaw_3xdx']
[2024-05-29T18:59:48.739+0000] {standard_task_runner.py:83} INFO - Job 328: Subtask transform_location
[2024-05-29T18:59:48.801+0000] {task_command.py:388} INFO - Running <TaskInstance: conference_dag.transform_location manual__2024-05-29T18:59:33.054175+00:00 [running]> on host 731e27f62632
[2024-05-29T18:59:48.870+0000] {taskinstance.py:1509} INFO - Exporting the following env vars:
AIRFLOW_CTX_DAG_OWNER=***
AIRFLOW_CTX_DAG_ID=conference_dag
AIRFLOW_CTX_TASK_ID=transform_location
AIRFLOW_CTX_EXECUTION_DATE=2024-05-29T18:59:33.054175+00:00
AIRFLOW_CTX_TRY_NUMBER=1
AIRFLOW_CTX_DAG_RUN_ID=manual__2024-05-29T18:59:33.054175+00:00
[2024-05-29T18:59:48.871+0000] {subprocess.py:63} INFO - Tmp dir root location: 
 /tmp
[2024-05-29T18:59:48.873+0000] {subprocess.py:75} INFO - Running command: ['/bin/bash', '-c', 'set -e; python /opt/***/data_transform/transform_location.py']
[2024-05-29T18:59:48.883+0000] {subprocess.py:86} INFO - Output:
[2024-05-29T19:00:04.029+0000] {subprocess.py:93} INFO - Dữ liệu đã được định dạng lại và lưu vào /opt/***/data_stage_2/conferences.json và /opt/***/data_stage_2/locations.json
[2024-05-29T19:00:04.032+0000] {subprocess.py:97} INFO - Command exited with return code 0
[2024-05-29T19:00:04.051+0000] {taskinstance.py:1323} INFO - Marking task as SUCCESS. dag_id=conference_dag, task_id=transform_location, execution_date=20240529T185933, start_date=20240529T185948, end_date=20240529T190004
[2024-05-29T19:00:04.102+0000] {local_task_job.py:208} INFO - Task exited with return code 0
[2024-05-29T19:00:04.125+0000] {taskinstance.py:2578} INFO - 1 downstream tasks scheduled from follow-on schedule check
