[2024-05-29T18:13:05.672+0000] {taskinstance.py:1083} INFO - Dependencies all met for <TaskInstance: conference_dag.transform_location manual__2024-05-29T18:12:56.397897+00:00 [queued]>
[2024-05-29T18:13:05.681+0000] {taskinstance.py:1083} INFO - Dependencies all met for <TaskInstance: conference_dag.transform_location manual__2024-05-29T18:12:56.397897+00:00 [queued]>
[2024-05-29T18:13:05.682+0000] {taskinstance.py:1279} INFO - 
--------------------------------------------------------------------------------
[2024-05-29T18:13:05.682+0000] {taskinstance.py:1280} INFO - Starting attempt 1 of 1
[2024-05-29T18:13:05.683+0000] {taskinstance.py:1281} INFO - 
--------------------------------------------------------------------------------
[2024-05-29T18:13:05.695+0000] {taskinstance.py:1300} INFO - Executing <Task(BashOperator): transform_location> on 2024-05-29 18:12:56.397897+00:00
[2024-05-29T18:13:05.699+0000] {standard_task_runner.py:55} INFO - Started process 35212 to run task
[2024-05-29T18:13:05.703+0000] {standard_task_runner.py:82} INFO - Running: ['***', 'tasks', 'run', 'conference_dag', 'transform_location', 'manual__2024-05-29T18:12:56.397897+00:00', '--job-id', '308', '--raw', '--subdir', 'DAGS_FOLDER/conference_dag.py', '--cfg-path', '/tmp/tmpefqa48d3']
[2024-05-29T18:13:05.704+0000] {standard_task_runner.py:83} INFO - Job 308: Subtask transform_location
[2024-05-29T18:13:05.760+0000] {task_command.py:388} INFO - Running <TaskInstance: conference_dag.transform_location manual__2024-05-29T18:12:56.397897+00:00 [running]> on host 731e27f62632
[2024-05-29T18:13:05.819+0000] {taskinstance.py:1509} INFO - Exporting the following env vars:
AIRFLOW_CTX_DAG_OWNER=***
AIRFLOW_CTX_DAG_ID=conference_dag
AIRFLOW_CTX_TASK_ID=transform_location
AIRFLOW_CTX_EXECUTION_DATE=2024-05-29T18:12:56.397897+00:00
AIRFLOW_CTX_TRY_NUMBER=1
AIRFLOW_CTX_DAG_RUN_ID=manual__2024-05-29T18:12:56.397897+00:00
[2024-05-29T18:13:05.820+0000] {subprocess.py:63} INFO - Tmp dir root location: 
 /tmp
[2024-05-29T18:13:05.821+0000] {subprocess.py:75} INFO - Running command: ['/bin/bash', '-c', 'set -e; python /opt/***/data_transform/transform_location.py']
[2024-05-29T18:13:05.830+0000] {subprocess.py:86} INFO - Output:
[2024-05-29T18:13:20.968+0000] {subprocess.py:93} INFO - Dữ liệu đã được định dạng lại và lưu vào /opt/***/data_stage_2/conferences.json và /opt/***/data_stage_2/locations.json
[2024-05-29T18:13:20.973+0000] {subprocess.py:97} INFO - Command exited with return code 0
[2024-05-29T18:13:20.997+0000] {taskinstance.py:1323} INFO - Marking task as SUCCESS. dag_id=conference_dag, task_id=transform_location, execution_date=20240529T181256, start_date=20240529T181305, end_date=20240529T181320
[2024-05-29T18:13:21.043+0000] {local_task_job.py:208} INFO - Task exited with return code 0
[2024-05-29T18:13:21.075+0000] {taskinstance.py:2578} INFO - 1 downstream tasks scheduled from follow-on schedule check
