[2024-05-29T19:33:06.836+0000] {taskinstance.py:1083} INFO - Dependencies all met for <TaskInstance: conference_dag.transform_field manual__2024-05-29T19:32:58.185880+00:00 [queued]>
[2024-05-29T19:33:06.847+0000] {taskinstance.py:1083} INFO - Dependencies all met for <TaskInstance: conference_dag.transform_field manual__2024-05-29T19:32:58.185880+00:00 [queued]>
[2024-05-29T19:33:06.848+0000] {taskinstance.py:1279} INFO - 
--------------------------------------------------------------------------------
[2024-05-29T19:33:06.848+0000] {taskinstance.py:1280} INFO - Starting attempt 1 of 1
[2024-05-29T19:33:06.849+0000] {taskinstance.py:1281} INFO - 
--------------------------------------------------------------------------------
[2024-05-29T19:33:06.863+0000] {taskinstance.py:1300} INFO - Executing <Task(BashOperator): transform_field> on 2024-05-29 19:32:58.185880+00:00
[2024-05-29T19:33:06.867+0000] {standard_task_runner.py:55} INFO - Started process 45373 to run task
[2024-05-29T19:33:06.869+0000] {standard_task_runner.py:82} INFO - Running: ['***', 'tasks', 'run', 'conference_dag', 'transform_field', 'manual__2024-05-29T19:32:58.185880+00:00', '--job-id', '364', '--raw', '--subdir', 'DAGS_FOLDER/conference_dag.py', '--cfg-path', '/tmp/tmpewb1dclp']
[2024-05-29T19:33:06.870+0000] {standard_task_runner.py:83} INFO - Job 364: Subtask transform_field
[2024-05-29T19:33:06.932+0000] {task_command.py:388} INFO - Running <TaskInstance: conference_dag.transform_field manual__2024-05-29T19:32:58.185880+00:00 [running]> on host 731e27f62632
[2024-05-29T19:33:07.000+0000] {taskinstance.py:1509} INFO - Exporting the following env vars:
AIRFLOW_CTX_DAG_OWNER=***
AIRFLOW_CTX_DAG_ID=conference_dag
AIRFLOW_CTX_TASK_ID=transform_field
AIRFLOW_CTX_EXECUTION_DATE=2024-05-29T19:32:58.185880+00:00
AIRFLOW_CTX_TRY_NUMBER=1
AIRFLOW_CTX_DAG_RUN_ID=manual__2024-05-29T19:32:58.185880+00:00
[2024-05-29T19:33:07.002+0000] {subprocess.py:63} INFO - Tmp dir root location: 
 /tmp
[2024-05-29T19:33:07.003+0000] {subprocess.py:75} INFO - Running command: ['/bin/bash', '-c', 'set -e; python /opt/***/data_transform/transform_field.py']
[2024-05-29T19:33:07.013+0000] {subprocess.py:86} INFO - Output:
[2024-05-29T19:33:07.157+0000] {subprocess.py:97} INFO - Command exited with return code 0
[2024-05-29T19:33:07.179+0000] {taskinstance.py:1323} INFO - Marking task as SUCCESS. dag_id=conference_dag, task_id=transform_field, execution_date=20240529T193258, start_date=20240529T193306, end_date=20240529T193307
[2024-05-29T19:33:07.203+0000] {local_task_job.py:208} INFO - Task exited with return code 0
[2024-05-29T19:33:07.224+0000] {taskinstance.py:2578} INFO - 0 downstream tasks scheduled from follow-on schedule check
