[2024-05-29T19:35:50.884+0000] {taskinstance.py:1083} INFO - Dependencies all met for <TaskInstance: conference_dag.transform_location manual__2024-05-29T19:35:41.153279+00:00 [queued]>
[2024-05-29T19:35:50.893+0000] {taskinstance.py:1083} INFO - Dependencies all met for <TaskInstance: conference_dag.transform_location manual__2024-05-29T19:35:41.153279+00:00 [queued]>
[2024-05-29T19:35:50.894+0000] {taskinstance.py:1279} INFO - 
--------------------------------------------------------------------------------
[2024-05-29T19:35:50.895+0000] {taskinstance.py:1280} INFO - Starting attempt 1 of 1
[2024-05-29T19:35:50.895+0000] {taskinstance.py:1281} INFO - 
--------------------------------------------------------------------------------
[2024-05-29T19:35:50.908+0000] {taskinstance.py:1300} INFO - Executing <Task(BashOperator): transform_location> on 2024-05-29 19:35:41.153279+00:00
[2024-05-29T19:35:50.913+0000] {standard_task_runner.py:55} INFO - Started process 45727 to run task
[2024-05-29T19:35:50.916+0000] {standard_task_runner.py:82} INFO - Running: ['***', 'tasks', 'run', 'conference_dag', 'transform_location', 'manual__2024-05-29T19:35:41.153279+00:00', '--job-id', '368', '--raw', '--subdir', 'DAGS_FOLDER/conference_dag.py', '--cfg-path', '/tmp/tmp8x0lhm2n']
[2024-05-29T19:35:50.916+0000] {standard_task_runner.py:83} INFO - Job 368: Subtask transform_location
[2024-05-29T19:35:50.972+0000] {task_command.py:388} INFO - Running <TaskInstance: conference_dag.transform_location manual__2024-05-29T19:35:41.153279+00:00 [running]> on host 731e27f62632
[2024-05-29T19:35:51.032+0000] {taskinstance.py:1509} INFO - Exporting the following env vars:
AIRFLOW_CTX_DAG_OWNER=***
AIRFLOW_CTX_DAG_ID=conference_dag
AIRFLOW_CTX_TASK_ID=transform_location
AIRFLOW_CTX_EXECUTION_DATE=2024-05-29T19:35:41.153279+00:00
AIRFLOW_CTX_TRY_NUMBER=1
AIRFLOW_CTX_DAG_RUN_ID=manual__2024-05-29T19:35:41.153279+00:00
[2024-05-29T19:35:51.034+0000] {subprocess.py:63} INFO - Tmp dir root location: 
 /tmp
[2024-05-29T19:35:51.035+0000] {subprocess.py:75} INFO - Running command: ['/bin/bash', '-c', 'set -e; python /opt/***/data_transform/transform_location.py']
[2024-05-29T19:35:51.043+0000] {subprocess.py:86} INFO - Output:
[2024-05-29T19:36:06.172+0000] {subprocess.py:93} INFO - Dữ liệu đã được định dạng lại và lưu vào /opt/***/data_stage_2/conferences.json và /opt/***/data_stage_2/locations.json
[2024-05-29T19:36:06.175+0000] {subprocess.py:97} INFO - Command exited with return code 0
[2024-05-29T19:36:06.201+0000] {taskinstance.py:1323} INFO - Marking task as SUCCESS. dag_id=conference_dag, task_id=transform_location, execution_date=20240529T193541, start_date=20240529T193550, end_date=20240529T193606
[2024-05-29T19:36:06.231+0000] {local_task_job.py:208} INFO - Task exited with return code 0
[2024-05-29T19:36:06.260+0000] {taskinstance.py:2578} INFO - 1 downstream tasks scheduled from follow-on schedule check
