[2024-05-29T19:14:21.589+0000] {taskinstance.py:1083} INFO - Dependencies all met for <TaskInstance: conference_dag.load_field manual__2024-05-29T19:13:53.335173+00:00 [queued]>
[2024-05-29T19:14:21.597+0000] {taskinstance.py:1083} INFO - Dependencies all met for <TaskInstance: conference_dag.load_field manual__2024-05-29T19:13:53.335173+00:00 [queued]>
[2024-05-29T19:14:21.597+0000] {taskinstance.py:1279} INFO - 
--------------------------------------------------------------------------------
[2024-05-29T19:14:21.598+0000] {taskinstance.py:1280} INFO - Starting attempt 1 of 1
[2024-05-29T19:14:21.598+0000] {taskinstance.py:1281} INFO - 
--------------------------------------------------------------------------------
[2024-05-29T19:14:21.609+0000] {taskinstance.py:1300} INFO - Executing <Task(BashOperator): load_field> on 2024-05-29 19:13:53.335173+00:00
[2024-05-29T19:14:21.612+0000] {standard_task_runner.py:55} INFO - Started process 42991 to run task
[2024-05-29T19:14:21.615+0000] {standard_task_runner.py:82} INFO - Running: ['***', 'tasks', 'run', 'conference_dag', 'load_field', 'manual__2024-05-29T19:13:53.335173+00:00', '--job-id', '349', '--raw', '--subdir', 'DAGS_FOLDER/conference_dag.py', '--cfg-path', '/tmp/tmpnhe1fqyg']
[2024-05-29T19:14:21.616+0000] {standard_task_runner.py:83} INFO - Job 349: Subtask load_field
[2024-05-29T19:14:21.667+0000] {task_command.py:388} INFO - Running <TaskInstance: conference_dag.load_field manual__2024-05-29T19:13:53.335173+00:00 [running]> on host 731e27f62632
[2024-05-29T19:14:21.721+0000] {taskinstance.py:1509} INFO - Exporting the following env vars:
AIRFLOW_CTX_DAG_OWNER=***
AIRFLOW_CTX_DAG_ID=conference_dag
AIRFLOW_CTX_TASK_ID=load_field
AIRFLOW_CTX_EXECUTION_DATE=2024-05-29T19:13:53.335173+00:00
AIRFLOW_CTX_TRY_NUMBER=1
AIRFLOW_CTX_DAG_RUN_ID=manual__2024-05-29T19:13:53.335173+00:00
[2024-05-29T19:14:21.723+0000] {subprocess.py:63} INFO - Tmp dir root location: 
 /tmp
[2024-05-29T19:14:21.724+0000] {subprocess.py:75} INFO - Running command: ['/bin/bash', '-c', 'set -e; python /opt/***/mysql_utils/load_field.py']
[2024-05-29T19:14:21.733+0000] {subprocess.py:86} INFO - Output:
[2024-05-29T19:14:21.968+0000] {subprocess.py:97} INFO - Command exited with return code 0
[2024-05-29T19:14:21.991+0000] {taskinstance.py:1323} INFO - Marking task as SUCCESS. dag_id=conference_dag, task_id=load_field, execution_date=20240529T191353, start_date=20240529T191421, end_date=20240529T191421
[2024-05-29T19:14:22.027+0000] {local_task_job.py:208} INFO - Task exited with return code 0
[2024-05-29T19:14:22.050+0000] {taskinstance.py:2578} INFO - 1 downstream tasks scheduled from follow-on schedule check
