[2024-05-31T10:55:00.093+0000] {taskinstance.py:1083} INFO - Dependencies all met for <TaskInstance: conference_dag.load_field manual__2024-05-31T10:54:30.383878+00:00 [queued]>
[2024-05-31T10:55:00.101+0000] {taskinstance.py:1083} INFO - Dependencies all met for <TaskInstance: conference_dag.load_field manual__2024-05-31T10:54:30.383878+00:00 [queued]>
[2024-05-31T10:55:00.102+0000] {taskinstance.py:1279} INFO - 
--------------------------------------------------------------------------------
[2024-05-31T10:55:00.102+0000] {taskinstance.py:1280} INFO - Starting attempt 1 of 1
[2024-05-31T10:55:00.102+0000] {taskinstance.py:1281} INFO - 
--------------------------------------------------------------------------------
[2024-05-31T10:55:00.114+0000] {taskinstance.py:1300} INFO - Executing <Task(BashOperator): load_field> on 2024-05-31 10:54:30.383878+00:00
[2024-05-31T10:55:00.118+0000] {standard_task_runner.py:55} INFO - Started process 901 to run task
[2024-05-31T10:55:00.120+0000] {standard_task_runner.py:82} INFO - Running: ['***', 'tasks', 'run', 'conference_dag', 'load_field', 'manual__2024-05-31T10:54:30.383878+00:00', '--job-id', '13', '--raw', '--subdir', 'DAGS_FOLDER/conference_dag.py', '--cfg-path', '/tmp/tmpdbprsshx']
[2024-05-31T10:55:00.120+0000] {standard_task_runner.py:83} INFO - Job 13: Subtask load_field
[2024-05-31T10:55:00.168+0000] {task_command.py:388} INFO - Running <TaskInstance: conference_dag.load_field manual__2024-05-31T10:54:30.383878+00:00 [running]> on host 312e62f5d623
[2024-05-31T10:55:00.226+0000] {taskinstance.py:1509} INFO - Exporting the following env vars:
AIRFLOW_CTX_DAG_OWNER=***
AIRFLOW_CTX_DAG_ID=conference_dag
AIRFLOW_CTX_TASK_ID=load_field
AIRFLOW_CTX_EXECUTION_DATE=2024-05-31T10:54:30.383878+00:00
AIRFLOW_CTX_TRY_NUMBER=1
AIRFLOW_CTX_DAG_RUN_ID=manual__2024-05-31T10:54:30.383878+00:00
[2024-05-31T10:55:00.227+0000] {subprocess.py:63} INFO - Tmp dir root location: 
 /tmp
[2024-05-31T10:55:00.228+0000] {subprocess.py:75} INFO - Running command: ['/bin/bash', '-c', 'set -e; python /opt/***/mysql_utils/load_field.py']
[2024-05-31T10:55:00.235+0000] {subprocess.py:86} INFO - Output:
[2024-05-31T10:55:00.432+0000] {subprocess.py:97} INFO - Command exited with return code 0
[2024-05-31T10:55:00.455+0000] {taskinstance.py:1323} INFO - Marking task as SUCCESS. dag_id=conference_dag, task_id=load_field, execution_date=20240531T105430, start_date=20240531T105500, end_date=20240531T105500
[2024-05-31T10:55:00.492+0000] {local_task_job.py:208} INFO - Task exited with return code 0
[2024-05-31T10:55:00.515+0000] {taskinstance.py:2578} INFO - 1 downstream tasks scheduled from follow-on schedule check
