[2024-05-29T18:59:48.719+0000] {taskinstance.py:1083} INFO - Dependencies all met for <TaskInstance: conference_dag.transform_field manual__2024-05-29T18:59:33.054175+00:00 [queued]>
[2024-05-29T18:59:48.729+0000] {taskinstance.py:1083} INFO - Dependencies all met for <TaskInstance: conference_dag.transform_field manual__2024-05-29T18:59:33.054175+00:00 [queued]>
[2024-05-29T18:59:48.729+0000] {taskinstance.py:1279} INFO - 
--------------------------------------------------------------------------------
[2024-05-29T18:59:48.730+0000] {taskinstance.py:1280} INFO - Starting attempt 1 of 1
[2024-05-29T18:59:48.730+0000] {taskinstance.py:1281} INFO - 
--------------------------------------------------------------------------------
[2024-05-29T18:59:48.745+0000] {taskinstance.py:1300} INFO - Executing <Task(BashOperator): transform_field> on 2024-05-29 18:59:33.054175+00:00
[2024-05-29T18:59:48.750+0000] {standard_task_runner.py:55} INFO - Started process 41116 to run task
[2024-05-29T18:59:48.753+0000] {standard_task_runner.py:82} INFO - Running: ['***', 'tasks', 'run', 'conference_dag', 'transform_field', 'manual__2024-05-29T18:59:33.054175+00:00', '--job-id', '329', '--raw', '--subdir', 'DAGS_FOLDER/conference_dag.py', '--cfg-path', '/tmp/tmpbk1na3xi']
[2024-05-29T18:59:48.753+0000] {standard_task_runner.py:83} INFO - Job 329: Subtask transform_field
[2024-05-29T18:59:48.820+0000] {task_command.py:388} INFO - Running <TaskInstance: conference_dag.transform_field manual__2024-05-29T18:59:33.054175+00:00 [running]> on host 731e27f62632
[2024-05-29T18:59:48.893+0000] {taskinstance.py:1509} INFO - Exporting the following env vars:
AIRFLOW_CTX_DAG_OWNER=***
AIRFLOW_CTX_DAG_ID=conference_dag
AIRFLOW_CTX_TASK_ID=transform_field
AIRFLOW_CTX_EXECUTION_DATE=2024-05-29T18:59:33.054175+00:00
AIRFLOW_CTX_TRY_NUMBER=1
AIRFLOW_CTX_DAG_RUN_ID=manual__2024-05-29T18:59:33.054175+00:00
[2024-05-29T18:59:48.895+0000] {subprocess.py:63} INFO - Tmp dir root location: 
 /tmp
[2024-05-29T18:59:48.896+0000] {subprocess.py:75} INFO - Running command: ['/bin/bash', '-c', 'set -e; python /opt/***/data_transform/transform_field.py']
[2024-05-29T18:59:48.907+0000] {subprocess.py:86} INFO - Output:
[2024-05-29T18:59:49.037+0000] {subprocess.py:97} INFO - Command exited with return code 0
[2024-05-29T18:59:49.059+0000] {taskinstance.py:1323} INFO - Marking task as SUCCESS. dag_id=conference_dag, task_id=transform_field, execution_date=20240529T185933, start_date=20240529T185948, end_date=20240529T185949
[2024-05-29T18:59:49.086+0000] {local_task_job.py:208} INFO - Task exited with return code 0
[2024-05-29T18:59:49.109+0000] {taskinstance.py:2578} INFO - 0 downstream tasks scheduled from follow-on schedule check
