[2024-05-31T11:00:38.747+0000] {taskinstance.py:1083} INFO - Dependencies all met for <TaskInstance: conference_dag.load_field manual__2024-05-31T11:00:11.907917+00:00 [queued]>
[2024-05-31T11:00:38.755+0000] {taskinstance.py:1083} INFO - Dependencies all met for <TaskInstance: conference_dag.load_field manual__2024-05-31T11:00:11.907917+00:00 [queued]>
[2024-05-31T11:00:38.756+0000] {taskinstance.py:1279} INFO - 
--------------------------------------------------------------------------------
[2024-05-31T11:00:38.756+0000] {taskinstance.py:1280} INFO - Starting attempt 1 of 1
[2024-05-31T11:00:38.756+0000] {taskinstance.py:1281} INFO - 
--------------------------------------------------------------------------------
[2024-05-31T11:00:38.768+0000] {taskinstance.py:1300} INFO - Executing <Task(BashOperator): load_field> on 2024-05-31 11:00:11.907917+00:00
[2024-05-31T11:00:38.772+0000] {standard_task_runner.py:55} INFO - Started process 1652 to run task
[2024-05-31T11:00:38.774+0000] {standard_task_runner.py:82} INFO - Running: ['***', 'tasks', 'run', 'conference_dag', 'load_field', 'manual__2024-05-31T11:00:11.907917+00:00', '--job-id', '25', '--raw', '--subdir', 'DAGS_FOLDER/conference_dag.py', '--cfg-path', '/tmp/tmp3mmhgrgs']
[2024-05-31T11:00:38.775+0000] {standard_task_runner.py:83} INFO - Job 25: Subtask load_field
[2024-05-31T11:00:38.824+0000] {task_command.py:388} INFO - Running <TaskInstance: conference_dag.load_field manual__2024-05-31T11:00:11.907917+00:00 [running]> on host 312e62f5d623
[2024-05-31T11:00:38.880+0000] {taskinstance.py:1509} INFO - Exporting the following env vars:
AIRFLOW_CTX_DAG_OWNER=***
AIRFLOW_CTX_DAG_ID=conference_dag
AIRFLOW_CTX_TASK_ID=load_field
AIRFLOW_CTX_EXECUTION_DATE=2024-05-31T11:00:11.907917+00:00
AIRFLOW_CTX_TRY_NUMBER=1
AIRFLOW_CTX_DAG_RUN_ID=manual__2024-05-31T11:00:11.907917+00:00
[2024-05-31T11:00:38.881+0000] {subprocess.py:63} INFO - Tmp dir root location: 
 /tmp
[2024-05-31T11:00:38.882+0000] {subprocess.py:75} INFO - Running command: ['/bin/bash', '-c', 'set -e; python /opt/***/mysql_utils/load_field.py']
[2024-05-31T11:00:38.890+0000] {subprocess.py:86} INFO - Output:
[2024-05-31T11:00:39.088+0000] {subprocess.py:97} INFO - Command exited with return code 0
[2024-05-31T11:00:39.107+0000] {taskinstance.py:1323} INFO - Marking task as SUCCESS. dag_id=conference_dag, task_id=load_field, execution_date=20240531T110011, start_date=20240531T110038, end_date=20240531T110039
[2024-05-31T11:00:39.147+0000] {local_task_job.py:208} INFO - Task exited with return code 0
[2024-05-31T11:00:39.168+0000] {taskinstance.py:2578} INFO - 1 downstream tasks scheduled from follow-on schedule check
