[2024-05-31T11:00:36.549+0000] {taskinstance.py:1083} INFO - Dependencies all met for <TaskInstance: conference_dag.transform_conference manual__2024-05-31T11:00:11.907917+00:00 [queued]>
[2024-05-31T11:00:36.557+0000] {taskinstance.py:1083} INFO - Dependencies all met for <TaskInstance: conference_dag.transform_conference manual__2024-05-31T11:00:11.907917+00:00 [queued]>
[2024-05-31T11:00:36.557+0000] {taskinstance.py:1279} INFO - 
--------------------------------------------------------------------------------
[2024-05-31T11:00:36.558+0000] {taskinstance.py:1280} INFO - Starting attempt 1 of 1
[2024-05-31T11:00:36.558+0000] {taskinstance.py:1281} INFO - 
--------------------------------------------------------------------------------
[2024-05-31T11:00:36.570+0000] {taskinstance.py:1300} INFO - Executing <Task(BashOperator): transform_conference> on 2024-05-31 11:00:11.907917+00:00
[2024-05-31T11:00:36.574+0000] {standard_task_runner.py:55} INFO - Started process 1619 to run task
[2024-05-31T11:00:36.576+0000] {standard_task_runner.py:82} INFO - Running: ['***', 'tasks', 'run', 'conference_dag', 'transform_conference', 'manual__2024-05-31T11:00:11.907917+00:00', '--job-id', '22', '--raw', '--subdir', 'DAGS_FOLDER/conference_dag.py', '--cfg-path', '/tmp/tmptbp_8swt']
[2024-05-31T11:00:36.577+0000] {standard_task_runner.py:83} INFO - Job 22: Subtask transform_conference
[2024-05-31T11:00:36.628+0000] {task_command.py:388} INFO - Running <TaskInstance: conference_dag.transform_conference manual__2024-05-31T11:00:11.907917+00:00 [running]> on host 312e62f5d623
[2024-05-31T11:00:36.684+0000] {taskinstance.py:1509} INFO - Exporting the following env vars:
AIRFLOW_CTX_DAG_OWNER=***
AIRFLOW_CTX_DAG_ID=conference_dag
AIRFLOW_CTX_TASK_ID=transform_conference
AIRFLOW_CTX_EXECUTION_DATE=2024-05-31T11:00:11.907917+00:00
AIRFLOW_CTX_TRY_NUMBER=1
AIRFLOW_CTX_DAG_RUN_ID=manual__2024-05-31T11:00:11.907917+00:00
[2024-05-31T11:00:36.685+0000] {subprocess.py:63} INFO - Tmp dir root location: 
 /tmp
[2024-05-31T11:00:36.686+0000] {subprocess.py:75} INFO - Running command: ['/bin/bash', '-c', 'set -e; python /opt/***/data_transform/transform_conference.py']
[2024-05-31T11:00:36.693+0000] {subprocess.py:86} INFO - Output:
[2024-05-31T11:00:36.803+0000] {subprocess.py:93} INFO - Dữ liệu đã được định dạng lại và lưu vào /opt/***/data_stage_2/conferences.json
[2024-05-31T11:00:36.854+0000] {subprocess.py:97} INFO - Command exited with return code 0
[2024-05-31T11:00:36.875+0000] {taskinstance.py:1323} INFO - Marking task as SUCCESS. dag_id=conference_dag, task_id=transform_conference, execution_date=20240531T110011, start_date=20240531T110036, end_date=20240531T110036
[2024-05-31T11:00:36.909+0000] {local_task_job.py:208} INFO - Task exited with return code 0
[2024-05-31T11:00:36.933+0000] {taskinstance.py:2578} INFO - 1 downstream tasks scheduled from follow-on schedule check
