[2024-05-27T03:02:27.016+0000] {taskinstance.py:1083} INFO - Dependencies all met for <TaskInstance: conference_dag.transform_data manual__2024-05-27T03:02:20.102771+00:00 [queued]>
[2024-05-27T03:02:27.023+0000] {taskinstance.py:1083} INFO - Dependencies all met for <TaskInstance: conference_dag.transform_data manual__2024-05-27T03:02:20.102771+00:00 [queued]>
[2024-05-27T03:02:27.024+0000] {taskinstance.py:1279} INFO - 
--------------------------------------------------------------------------------
[2024-05-27T03:02:27.025+0000] {taskinstance.py:1280} INFO - Starting attempt 1 of 1
[2024-05-27T03:02:27.026+0000] {taskinstance.py:1281} INFO - 
--------------------------------------------------------------------------------
[2024-05-27T03:02:27.035+0000] {taskinstance.py:1300} INFO - Executing <Task(BashOperator): transform_data> on 2024-05-27 03:02:20.102771+00:00
[2024-05-27T03:02:27.039+0000] {standard_task_runner.py:55} INFO - Started process 2761 to run task
[2024-05-27T03:02:27.041+0000] {standard_task_runner.py:82} INFO - Running: ['***', 'tasks', 'run', 'conference_dag', 'transform_data', 'manual__2024-05-27T03:02:20.102771+00:00', '--job-id', '88', '--raw', '--subdir', 'DAGS_FOLDER/conference_dag.py', '--cfg-path', '/tmp/tmp8akm8che']
[2024-05-27T03:02:27.042+0000] {standard_task_runner.py:83} INFO - Job 88: Subtask transform_data
[2024-05-27T03:02:27.091+0000] {task_command.py:388} INFO - Running <TaskInstance: conference_dag.transform_data manual__2024-05-27T03:02:20.102771+00:00 [running]> on host 731e27f62632
[2024-05-27T03:02:27.141+0000] {taskinstance.py:1509} INFO - Exporting the following env vars:
AIRFLOW_CTX_DAG_OWNER=***
AIRFLOW_CTX_DAG_ID=conference_dag
AIRFLOW_CTX_TASK_ID=transform_data
AIRFLOW_CTX_EXECUTION_DATE=2024-05-27T03:02:20.102771+00:00
AIRFLOW_CTX_TRY_NUMBER=1
AIRFLOW_CTX_DAG_RUN_ID=manual__2024-05-27T03:02:20.102771+00:00
[2024-05-27T03:02:27.142+0000] {subprocess.py:63} INFO - Tmp dir root location: 
 /tmp
[2024-05-27T03:02:27.143+0000] {subprocess.py:75} INFO - Running command: ['/bin/bash', '-c', 'set -e; python /opt/***/data_transform/transform.py']
[2024-05-27T03:02:27.151+0000] {subprocess.py:86} INFO - Output:
[2024-05-27T03:02:27.234+0000] {subprocess.py:93} INFO - Dữ liệu đã được định dạng lại và lưu vào /opt/***/data_stage_2/stage_2.json
[2024-05-27T03:02:27.236+0000] {subprocess.py:97} INFO - Command exited with return code 0
[2024-05-27T03:02:27.255+0000] {taskinstance.py:1323} INFO - Marking task as SUCCESS. dag_id=conference_dag, task_id=transform_data, execution_date=20240527T030220, start_date=20240527T030227, end_date=20240527T030227
[2024-05-27T03:02:27.294+0000] {local_task_job.py:208} INFO - Task exited with return code 0
[2024-05-27T03:02:27.314+0000] {taskinstance.py:2578} INFO - 1 downstream tasks scheduled from follow-on schedule check
