[2024-05-29T16:09:07.878+0000] {taskinstance.py:1083} INFO - Dependencies all met for <TaskInstance: conference_dag.transform_presenter manual__2024-05-29T16:08:57.090753+00:00 [queued]>
[2024-05-29T16:09:07.890+0000] {taskinstance.py:1083} INFO - Dependencies all met for <TaskInstance: conference_dag.transform_presenter manual__2024-05-29T16:08:57.090753+00:00 [queued]>
[2024-05-29T16:09:07.891+0000] {taskinstance.py:1279} INFO - 
--------------------------------------------------------------------------------
[2024-05-29T16:09:07.891+0000] {taskinstance.py:1280} INFO - Starting attempt 1 of 1
[2024-05-29T16:09:07.892+0000] {taskinstance.py:1281} INFO - 
--------------------------------------------------------------------------------
[2024-05-29T16:09:07.906+0000] {taskinstance.py:1300} INFO - Executing <Task(BashOperator): transform_presenter> on 2024-05-29 16:08:57.090753+00:00
[2024-05-29T16:09:07.911+0000] {standard_task_runner.py:55} INFO - Started process 19185 to run task
[2024-05-29T16:09:07.913+0000] {standard_task_runner.py:82} INFO - Running: ['***', 'tasks', 'run', 'conference_dag', 'transform_presenter', 'manual__2024-05-29T16:08:57.090753+00:00', '--job-id', '132', '--raw', '--subdir', 'DAGS_FOLDER/conference_dag.py', '--cfg-path', '/tmp/tmp10dlik8b']
[2024-05-29T16:09:07.914+0000] {standard_task_runner.py:83} INFO - Job 132: Subtask transform_presenter
[2024-05-29T16:09:07.981+0000] {task_command.py:388} INFO - Running <TaskInstance: conference_dag.transform_presenter manual__2024-05-29T16:08:57.090753+00:00 [running]> on host 731e27f62632
[2024-05-29T16:09:08.056+0000] {taskinstance.py:1509} INFO - Exporting the following env vars:
AIRFLOW_CTX_DAG_OWNER=***
AIRFLOW_CTX_DAG_ID=conference_dag
AIRFLOW_CTX_TASK_ID=transform_presenter
AIRFLOW_CTX_EXECUTION_DATE=2024-05-29T16:08:57.090753+00:00
AIRFLOW_CTX_TRY_NUMBER=1
AIRFLOW_CTX_DAG_RUN_ID=manual__2024-05-29T16:08:57.090753+00:00
[2024-05-29T16:09:08.058+0000] {subprocess.py:63} INFO - Tmp dir root location: 
 /tmp
[2024-05-29T16:09:08.060+0000] {subprocess.py:75} INFO - Running command: ['/bin/bash', '-c', 'set -e; python /opt/***/data_transform/transform_presenter.py']
[2024-05-29T16:09:08.068+0000] {subprocess.py:86} INFO - Output:
[2024-05-29T16:09:18.245+0000] {subprocess.py:97} INFO - Command exited with return code 0
[2024-05-29T16:09:18.267+0000] {taskinstance.py:1323} INFO - Marking task as SUCCESS. dag_id=conference_dag, task_id=transform_presenter, execution_date=20240529T160857, start_date=20240529T160907, end_date=20240529T160918
[2024-05-29T16:09:18.313+0000] {local_task_job.py:208} INFO - Task exited with return code 0
[2024-05-29T16:09:18.331+0000] {taskinstance.py:2578} INFO - 0 downstream tasks scheduled from follow-on schedule check
