[2024-05-31T10:54:32.634+0000] {taskinstance.py:1083} INFO - Dependencies all met for <TaskInstance: conference_dag.clean_data manual__2024-05-31T10:54:30.383878+00:00 [queued]>
[2024-05-31T10:54:32.641+0000] {taskinstance.py:1083} INFO - Dependencies all met for <TaskInstance: conference_dag.clean_data manual__2024-05-31T10:54:30.383878+00:00 [queued]>
[2024-05-31T10:54:32.642+0000] {taskinstance.py:1279} INFO - 
--------------------------------------------------------------------------------
[2024-05-31T10:54:32.642+0000] {taskinstance.py:1280} INFO - Starting attempt 1 of 1
[2024-05-31T10:54:32.643+0000] {taskinstance.py:1281} INFO - 
--------------------------------------------------------------------------------
[2024-05-31T10:54:32.655+0000] {taskinstance.py:1300} INFO - Executing <Task(BashOperator): clean_data> on 2024-05-31 10:54:30.383878+00:00
[2024-05-31T10:54:32.658+0000] {standard_task_runner.py:55} INFO - Started process 816 to run task
[2024-05-31T10:54:32.660+0000] {standard_task_runner.py:82} INFO - Running: ['***', 'tasks', 'run', 'conference_dag', 'clean_data', 'manual__2024-05-31T10:54:30.383878+00:00', '--job-id', '6', '--raw', '--subdir', 'DAGS_FOLDER/conference_dag.py', '--cfg-path', '/tmp/tmpbz5axngs']
[2024-05-31T10:54:32.661+0000] {standard_task_runner.py:83} INFO - Job 6: Subtask clean_data
[2024-05-31T10:54:32.708+0000] {task_command.py:388} INFO - Running <TaskInstance: conference_dag.clean_data manual__2024-05-31T10:54:30.383878+00:00 [running]> on host 312e62f5d623
[2024-05-31T10:54:32.761+0000] {taskinstance.py:1509} INFO - Exporting the following env vars:
AIRFLOW_CTX_DAG_OWNER=***
AIRFLOW_CTX_DAG_ID=conference_dag
AIRFLOW_CTX_TASK_ID=clean_data
AIRFLOW_CTX_EXECUTION_DATE=2024-05-31T10:54:30.383878+00:00
AIRFLOW_CTX_TRY_NUMBER=1
AIRFLOW_CTX_DAG_RUN_ID=manual__2024-05-31T10:54:30.383878+00:00
[2024-05-31T10:54:32.762+0000] {subprocess.py:63} INFO - Tmp dir root location: 
 /tmp
[2024-05-31T10:54:32.763+0000] {subprocess.py:75} INFO - Running command: ['/bin/bash', '-c', 'set -e; python /opt/***/dags/clean_all.py']
[2024-05-31T10:54:32.770+0000] {subprocess.py:86} INFO - Output:
[2024-05-31T10:54:32.956+0000] {subprocess.py:97} INFO - Command exited with return code 0
[2024-05-31T10:54:32.976+0000] {taskinstance.py:1323} INFO - Marking task as SUCCESS. dag_id=conference_dag, task_id=clean_data, execution_date=20240531T105430, start_date=20240531T105432, end_date=20240531T105432
[2024-05-31T10:54:32.993+0000] {local_task_job.py:208} INFO - Task exited with return code 0
[2024-05-31T10:54:33.018+0000] {taskinstance.py:2578} INFO - 1 downstream tasks scheduled from follow-on schedule check
