[2024-05-29T19:36:08.517+0000] {taskinstance.py:1083} INFO - Dependencies all met for <TaskInstance: conference_dag.load_presenter manual__2024-05-29T19:35:41.153279+00:00 [queued]>
[2024-05-29T19:36:08.525+0000] {taskinstance.py:1083} INFO - Dependencies all met for <TaskInstance: conference_dag.load_presenter manual__2024-05-29T19:35:41.153279+00:00 [queued]>
[2024-05-29T19:36:08.526+0000] {taskinstance.py:1279} INFO - 
--------------------------------------------------------------------------------
[2024-05-29T19:36:08.526+0000] {taskinstance.py:1280} INFO - Starting attempt 1 of 1
[2024-05-29T19:36:08.526+0000] {taskinstance.py:1281} INFO - 
--------------------------------------------------------------------------------
[2024-05-29T19:36:08.541+0000] {taskinstance.py:1300} INFO - Executing <Task(BashOperator): load_presenter> on 2024-05-29 19:35:41.153279+00:00
[2024-05-29T19:36:08.545+0000] {standard_task_runner.py:55} INFO - Started process 45789 to run task
[2024-05-29T19:36:08.549+0000] {standard_task_runner.py:82} INFO - Running: ['***', 'tasks', 'run', 'conference_dag', 'load_presenter', 'manual__2024-05-29T19:35:41.153279+00:00', '--job-id', '374', '--raw', '--subdir', 'DAGS_FOLDER/conference_dag.py', '--cfg-path', '/tmp/tmp7m73ghj1']
[2024-05-29T19:36:08.550+0000] {standard_task_runner.py:83} INFO - Job 374: Subtask load_presenter
[2024-05-29T19:36:08.610+0000] {task_command.py:388} INFO - Running <TaskInstance: conference_dag.load_presenter manual__2024-05-29T19:35:41.153279+00:00 [running]> on host 731e27f62632
[2024-05-29T19:36:08.684+0000] {taskinstance.py:1509} INFO - Exporting the following env vars:
AIRFLOW_CTX_DAG_OWNER=***
AIRFLOW_CTX_DAG_ID=conference_dag
AIRFLOW_CTX_TASK_ID=load_presenter
AIRFLOW_CTX_EXECUTION_DATE=2024-05-29T19:35:41.153279+00:00
AIRFLOW_CTX_TRY_NUMBER=1
AIRFLOW_CTX_DAG_RUN_ID=manual__2024-05-29T19:35:41.153279+00:00
[2024-05-29T19:36:08.685+0000] {subprocess.py:63} INFO - Tmp dir root location: 
 /tmp
[2024-05-29T19:36:08.686+0000] {subprocess.py:75} INFO - Running command: ['/bin/bash', '-c', 'set -e; python /opt/***/mysql_utils/load_presenter.py']
[2024-05-29T19:36:08.699+0000] {subprocess.py:86} INFO - Output:
[2024-05-29T19:36:08.979+0000] {subprocess.py:97} INFO - Command exited with return code 0
[2024-05-29T19:36:09.005+0000] {taskinstance.py:1323} INFO - Marking task as SUCCESS. dag_id=conference_dag, task_id=load_presenter, execution_date=20240529T193541, start_date=20240529T193608, end_date=20240529T193609
[2024-05-29T19:36:09.039+0000] {local_task_job.py:208} INFO - Task exited with return code 0
[2024-05-29T19:36:09.068+0000] {taskinstance.py:2578} INFO - 0 downstream tasks scheduled from follow-on schedule check
