[2024-05-29T18:13:05.683+0000] {taskinstance.py:1083} INFO - Dependencies all met for <TaskInstance: conference_dag.transform_presenter manual__2024-05-29T18:12:56.397897+00:00 [queued]>
[2024-05-29T18:13:05.691+0000] {taskinstance.py:1083} INFO - Dependencies all met for <TaskInstance: conference_dag.transform_presenter manual__2024-05-29T18:12:56.397897+00:00 [queued]>
[2024-05-29T18:13:05.692+0000] {taskinstance.py:1279} INFO - 
--------------------------------------------------------------------------------
[2024-05-29T18:13:05.692+0000] {taskinstance.py:1280} INFO - Starting attempt 1 of 1
[2024-05-29T18:13:05.692+0000] {taskinstance.py:1281} INFO - 
--------------------------------------------------------------------------------
[2024-05-29T18:13:05.706+0000] {taskinstance.py:1300} INFO - Executing <Task(BashOperator): transform_presenter> on 2024-05-29 18:12:56.397897+00:00
[2024-05-29T18:13:05.710+0000] {standard_task_runner.py:55} INFO - Started process 35213 to run task
[2024-05-29T18:13:05.712+0000] {standard_task_runner.py:82} INFO - Running: ['***', 'tasks', 'run', 'conference_dag', 'transform_presenter', 'manual__2024-05-29T18:12:56.397897+00:00', '--job-id', '309', '--raw', '--subdir', 'DAGS_FOLDER/conference_dag.py', '--cfg-path', '/tmp/tmpvstrbcpd']
[2024-05-29T18:13:05.713+0000] {standard_task_runner.py:83} INFO - Job 309: Subtask transform_presenter
[2024-05-29T18:13:05.767+0000] {task_command.py:388} INFO - Running <TaskInstance: conference_dag.transform_presenter manual__2024-05-29T18:12:56.397897+00:00 [running]> on host 731e27f62632
[2024-05-29T18:13:05.828+0000] {taskinstance.py:1509} INFO - Exporting the following env vars:
AIRFLOW_CTX_DAG_OWNER=***
AIRFLOW_CTX_DAG_ID=conference_dag
AIRFLOW_CTX_TASK_ID=transform_presenter
AIRFLOW_CTX_EXECUTION_DATE=2024-05-29T18:12:56.397897+00:00
AIRFLOW_CTX_TRY_NUMBER=1
AIRFLOW_CTX_DAG_RUN_ID=manual__2024-05-29T18:12:56.397897+00:00
[2024-05-29T18:13:05.830+0000] {subprocess.py:63} INFO - Tmp dir root location: 
 /tmp
[2024-05-29T18:13:05.831+0000] {subprocess.py:75} INFO - Running command: ['/bin/bash', '-c', 'set -e; python /opt/***/data_transform/transform_presenter.py']
[2024-05-29T18:13:05.839+0000] {subprocess.py:86} INFO - Output:
[2024-05-29T18:13:10.983+0000] {subprocess.py:97} INFO - Command exited with return code 0
[2024-05-29T18:13:11.009+0000] {taskinstance.py:1323} INFO - Marking task as SUCCESS. dag_id=conference_dag, task_id=transform_presenter, execution_date=20240529T181256, start_date=20240529T181305, end_date=20240529T181311
[2024-05-29T18:13:11.040+0000] {local_task_job.py:208} INFO - Task exited with return code 0
[2024-05-29T18:13:11.060+0000] {taskinstance.py:2578} INFO - 0 downstream tasks scheduled from follow-on schedule check
