[2024-05-30T03:11:15.298+0000] {taskinstance.py:1083} INFO - Dependencies all met for <TaskInstance: conference_dag.clean_data manual__2024-05-30T03:11:12.953428+00:00 [queued]>
[2024-05-30T03:11:15.305+0000] {taskinstance.py:1083} INFO - Dependencies all met for <TaskInstance: conference_dag.clean_data manual__2024-05-30T03:11:12.953428+00:00 [queued]>
[2024-05-30T03:11:15.306+0000] {taskinstance.py:1279} INFO - 
--------------------------------------------------------------------------------
[2024-05-30T03:11:15.306+0000] {taskinstance.py:1280} INFO - Starting attempt 1 of 1
[2024-05-30T03:11:15.307+0000] {taskinstance.py:1281} INFO - 
--------------------------------------------------------------------------------
[2024-05-30T03:11:15.317+0000] {taskinstance.py:1300} INFO - Executing <Task(BashOperator): clean_data> on 2024-05-30 03:11:12.953428+00:00
[2024-05-30T03:11:15.321+0000] {standard_task_runner.py:55} INFO - Started process 3467 to run task
[2024-05-30T03:11:15.324+0000] {standard_task_runner.py:82} INFO - Running: ['***', 'tasks', 'run', 'conference_dag', 'clean_data', 'manual__2024-05-30T03:11:12.953428+00:00', '--job-id', '383', '--raw', '--subdir', 'DAGS_FOLDER/conference_dag.py', '--cfg-path', '/tmp/tmphovr488i']
[2024-05-30T03:11:15.324+0000] {standard_task_runner.py:83} INFO - Job 383: Subtask clean_data
[2024-05-30T03:11:15.372+0000] {task_command.py:388} INFO - Running <TaskInstance: conference_dag.clean_data manual__2024-05-30T03:11:12.953428+00:00 [running]> on host 731e27f62632
[2024-05-30T03:11:15.423+0000] {taskinstance.py:1509} INFO - Exporting the following env vars:
AIRFLOW_CTX_DAG_OWNER=***
AIRFLOW_CTX_DAG_ID=conference_dag
AIRFLOW_CTX_TASK_ID=clean_data
AIRFLOW_CTX_EXECUTION_DATE=2024-05-30T03:11:12.953428+00:00
AIRFLOW_CTX_TRY_NUMBER=1
AIRFLOW_CTX_DAG_RUN_ID=manual__2024-05-30T03:11:12.953428+00:00
[2024-05-30T03:11:15.456+0000] {subprocess.py:63} INFO - Tmp dir root location: 
 /tmp
[2024-05-30T03:11:15.458+0000] {subprocess.py:75} INFO - Running command: ['/bin/bash', '-c', 'set -e; python /opt/***/dags/clean_all.py']
[2024-05-30T03:11:15.471+0000] {subprocess.py:86} INFO - Output:
[2024-05-30T03:11:15.692+0000] {subprocess.py:97} INFO - Command exited with return code 0
[2024-05-30T03:11:15.710+0000] {taskinstance.py:1323} INFO - Marking task as SUCCESS. dag_id=conference_dag, task_id=clean_data, execution_date=20240530T031112, start_date=20240530T031115, end_date=20240530T031115
[2024-05-30T03:11:15.737+0000] {local_task_job.py:208} INFO - Task exited with return code 0
[2024-05-30T03:11:15.758+0000] {taskinstance.py:2578} INFO - 1 downstream tasks scheduled from follow-on schedule check
