[2024-05-29T19:22:54.898+0000] {taskinstance.py:1083} INFO - Dependencies all met for <TaskInstance: conference_dag.transform_field manual__2024-05-29T19:22:45.082876+00:00 [queued]>
[2024-05-29T19:22:54.916+0000] {taskinstance.py:1083} INFO - Dependencies all met for <TaskInstance: conference_dag.transform_field manual__2024-05-29T19:22:45.082876+00:00 [queued]>
[2024-05-29T19:22:54.917+0000] {taskinstance.py:1279} INFO - 
--------------------------------------------------------------------------------
[2024-05-29T19:22:54.918+0000] {taskinstance.py:1280} INFO - Starting attempt 1 of 1
[2024-05-29T19:22:54.918+0000] {taskinstance.py:1281} INFO - 
--------------------------------------------------------------------------------
[2024-05-29T19:22:54.946+0000] {taskinstance.py:1300} INFO - Executing <Task(BashOperator): transform_field> on 2024-05-29 19:22:45.082876+00:00
[2024-05-29T19:22:54.953+0000] {standard_task_runner.py:55} INFO - Started process 44079 to run task
[2024-05-29T19:22:54.957+0000] {standard_task_runner.py:82} INFO - Running: ['***', 'tasks', 'run', 'conference_dag', 'transform_field', 'manual__2024-05-29T19:22:45.082876+00:00', '--job-id', '356', '--raw', '--subdir', 'DAGS_FOLDER/conference_dag.py', '--cfg-path', '/tmp/tmpvuwzhx40']
[2024-05-29T19:22:54.958+0000] {standard_task_runner.py:83} INFO - Job 356: Subtask transform_field
[2024-05-29T19:22:55.046+0000] {task_command.py:388} INFO - Running <TaskInstance: conference_dag.transform_field manual__2024-05-29T19:22:45.082876+00:00 [running]> on host 731e27f62632
[2024-05-29T19:22:55.148+0000] {taskinstance.py:1509} INFO - Exporting the following env vars:
AIRFLOW_CTX_DAG_OWNER=***
AIRFLOW_CTX_DAG_ID=conference_dag
AIRFLOW_CTX_TASK_ID=transform_field
AIRFLOW_CTX_EXECUTION_DATE=2024-05-29T19:22:45.082876+00:00
AIRFLOW_CTX_TRY_NUMBER=1
AIRFLOW_CTX_DAG_RUN_ID=manual__2024-05-29T19:22:45.082876+00:00
[2024-05-29T19:22:55.151+0000] {subprocess.py:63} INFO - Tmp dir root location: 
 /tmp
[2024-05-29T19:22:55.153+0000] {subprocess.py:75} INFO - Running command: ['/bin/bash', '-c', 'set -e; python /opt/***/data_transform/transform_field.py']
[2024-05-29T19:22:55.166+0000] {subprocess.py:86} INFO - Output:
[2024-05-29T19:22:55.380+0000] {subprocess.py:97} INFO - Command exited with return code 0
[2024-05-29T19:22:55.413+0000] {taskinstance.py:1323} INFO - Marking task as SUCCESS. dag_id=conference_dag, task_id=transform_field, execution_date=20240529T192245, start_date=20240529T192254, end_date=20240529T192255
[2024-05-29T19:22:55.452+0000] {local_task_job.py:208} INFO - Task exited with return code 0
[2024-05-29T19:22:55.484+0000] {taskinstance.py:2578} INFO - 0 downstream tasks scheduled from follow-on schedule check
