[2024-05-29T19:23:13.801+0000] {taskinstance.py:1083} INFO - Dependencies all met for <TaskInstance: conference_dag.load_field manual__2024-05-29T19:22:45.082876+00:00 [queued]>
[2024-05-29T19:23:13.809+0000] {taskinstance.py:1083} INFO - Dependencies all met for <TaskInstance: conference_dag.load_field manual__2024-05-29T19:22:45.082876+00:00 [queued]>
[2024-05-29T19:23:13.809+0000] {taskinstance.py:1279} INFO - 
--------------------------------------------------------------------------------
[2024-05-29T19:23:13.809+0000] {taskinstance.py:1280} INFO - Starting attempt 1 of 1
[2024-05-29T19:23:13.810+0000] {taskinstance.py:1281} INFO - 
--------------------------------------------------------------------------------
[2024-05-29T19:23:13.822+0000] {taskinstance.py:1300} INFO - Executing <Task(BashOperator): load_field> on 2024-05-29 19:22:45.082876+00:00
[2024-05-29T19:23:13.827+0000] {standard_task_runner.py:55} INFO - Started process 44130 to run task
[2024-05-29T19:23:13.830+0000] {standard_task_runner.py:82} INFO - Running: ['***', 'tasks', 'run', 'conference_dag', 'load_field', 'manual__2024-05-29T19:22:45.082876+00:00', '--job-id', '360', '--raw', '--subdir', 'DAGS_FOLDER/conference_dag.py', '--cfg-path', '/tmp/tmppn2450yl']
[2024-05-29T19:23:13.831+0000] {standard_task_runner.py:83} INFO - Job 360: Subtask load_field
[2024-05-29T19:23:13.887+0000] {task_command.py:388} INFO - Running <TaskInstance: conference_dag.load_field manual__2024-05-29T19:22:45.082876+00:00 [running]> on host 731e27f62632
[2024-05-29T19:23:13.946+0000] {taskinstance.py:1509} INFO - Exporting the following env vars:
AIRFLOW_CTX_DAG_OWNER=***
AIRFLOW_CTX_DAG_ID=conference_dag
AIRFLOW_CTX_TASK_ID=load_field
AIRFLOW_CTX_EXECUTION_DATE=2024-05-29T19:22:45.082876+00:00
AIRFLOW_CTX_TRY_NUMBER=1
AIRFLOW_CTX_DAG_RUN_ID=manual__2024-05-29T19:22:45.082876+00:00
[2024-05-29T19:23:13.948+0000] {subprocess.py:63} INFO - Tmp dir root location: 
 /tmp
[2024-05-29T19:23:13.949+0000] {subprocess.py:75} INFO - Running command: ['/bin/bash', '-c', 'set -e; python /opt/***/mysql_utils/load_field.py']
[2024-05-29T19:23:13.957+0000] {subprocess.py:86} INFO - Output:
[2024-05-29T19:23:14.157+0000] {subprocess.py:97} INFO - Command exited with return code 0
[2024-05-29T19:23:14.176+0000] {taskinstance.py:1323} INFO - Marking task as SUCCESS. dag_id=conference_dag, task_id=load_field, execution_date=20240529T192245, start_date=20240529T192313, end_date=20240529T192314
[2024-05-29T19:23:14.203+0000] {local_task_job.py:208} INFO - Task exited with return code 0
[2024-05-29T19:23:14.248+0000] {taskinstance.py:2578} INFO - 0 downstream tasks scheduled from follow-on schedule check
