[2024-05-29T19:35:51.098+0000] {taskinstance.py:1083} INFO - Dependencies all met for <TaskInstance: conference_dag.transform_field manual__2024-05-29T19:35:41.153279+00:00 [queued]>
[2024-05-29T19:35:51.108+0000] {taskinstance.py:1083} INFO - Dependencies all met for <TaskInstance: conference_dag.transform_field manual__2024-05-29T19:35:41.153279+00:00 [queued]>
[2024-05-29T19:35:51.109+0000] {taskinstance.py:1279} INFO - 
--------------------------------------------------------------------------------
[2024-05-29T19:35:51.110+0000] {taskinstance.py:1280} INFO - Starting attempt 1 of 1
[2024-05-29T19:35:51.111+0000] {taskinstance.py:1281} INFO - 
--------------------------------------------------------------------------------
[2024-05-29T19:35:51.124+0000] {taskinstance.py:1300} INFO - Executing <Task(BashOperator): transform_field> on 2024-05-29 19:35:41.153279+00:00
[2024-05-29T19:35:51.128+0000] {standard_task_runner.py:55} INFO - Started process 45731 to run task
[2024-05-29T19:35:51.131+0000] {standard_task_runner.py:82} INFO - Running: ['***', 'tasks', 'run', 'conference_dag', 'transform_field', 'manual__2024-05-29T19:35:41.153279+00:00', '--job-id', '370', '--raw', '--subdir', 'DAGS_FOLDER/conference_dag.py', '--cfg-path', '/tmp/tmpt7gv5llo']
[2024-05-29T19:35:51.132+0000] {standard_task_runner.py:83} INFO - Job 370: Subtask transform_field
[2024-05-29T19:35:51.189+0000] {task_command.py:388} INFO - Running <TaskInstance: conference_dag.transform_field manual__2024-05-29T19:35:41.153279+00:00 [running]> on host 731e27f62632
[2024-05-29T19:35:51.255+0000] {taskinstance.py:1509} INFO - Exporting the following env vars:
AIRFLOW_CTX_DAG_OWNER=***
AIRFLOW_CTX_DAG_ID=conference_dag
AIRFLOW_CTX_TASK_ID=transform_field
AIRFLOW_CTX_EXECUTION_DATE=2024-05-29T19:35:41.153279+00:00
AIRFLOW_CTX_TRY_NUMBER=1
AIRFLOW_CTX_DAG_RUN_ID=manual__2024-05-29T19:35:41.153279+00:00
[2024-05-29T19:35:51.258+0000] {subprocess.py:63} INFO - Tmp dir root location: 
 /tmp
[2024-05-29T19:35:51.260+0000] {subprocess.py:75} INFO - Running command: ['/bin/bash', '-c', 'set -e; python /opt/***/data_transform/transform_field.py']
[2024-05-29T19:35:51.269+0000] {subprocess.py:86} INFO - Output:
[2024-05-29T19:35:51.421+0000] {subprocess.py:97} INFO - Command exited with return code 0
[2024-05-29T19:35:51.447+0000] {taskinstance.py:1323} INFO - Marking task as SUCCESS. dag_id=conference_dag, task_id=transform_field, execution_date=20240529T193541, start_date=20240529T193551, end_date=20240529T193551
[2024-05-29T19:35:51.465+0000] {local_task_job.py:208} INFO - Task exited with return code 0
[2024-05-29T19:35:51.491+0000] {taskinstance.py:2578} INFO - 0 downstream tasks scheduled from follow-on schedule check
