[2024-05-31T11:00:39.919+0000] {taskinstance.py:1083} INFO - Dependencies all met for <TaskInstance: conference_dag.load_conference manual__2024-05-31T11:00:11.907917+00:00 [queued]>
[2024-05-31T11:00:39.927+0000] {taskinstance.py:1083} INFO - Dependencies all met for <TaskInstance: conference_dag.load_conference manual__2024-05-31T11:00:11.907917+00:00 [queued]>
[2024-05-31T11:00:39.927+0000] {taskinstance.py:1279} INFO - 
--------------------------------------------------------------------------------
[2024-05-31T11:00:39.928+0000] {taskinstance.py:1280} INFO - Starting attempt 1 of 1
[2024-05-31T11:00:39.928+0000] {taskinstance.py:1281} INFO - 
--------------------------------------------------------------------------------
[2024-05-31T11:00:39.940+0000] {taskinstance.py:1300} INFO - Executing <Task(BashOperator): load_conference> on 2024-05-31 11:00:11.907917+00:00
[2024-05-31T11:00:39.944+0000] {standard_task_runner.py:55} INFO - Started process 1659 to run task
[2024-05-31T11:00:39.946+0000] {standard_task_runner.py:82} INFO - Running: ['***', 'tasks', 'run', 'conference_dag', 'load_conference', 'manual__2024-05-31T11:00:11.907917+00:00', '--job-id', '27', '--raw', '--subdir', 'DAGS_FOLDER/conference_dag.py', '--cfg-path', '/tmp/tmpn89spe9_']
[2024-05-31T11:00:39.946+0000] {standard_task_runner.py:83} INFO - Job 27: Subtask load_conference
[2024-05-31T11:00:39.995+0000] {task_command.py:388} INFO - Running <TaskInstance: conference_dag.load_conference manual__2024-05-31T11:00:11.907917+00:00 [running]> on host 312e62f5d623
[2024-05-31T11:00:40.050+0000] {taskinstance.py:1509} INFO - Exporting the following env vars:
AIRFLOW_CTX_DAG_OWNER=***
AIRFLOW_CTX_DAG_ID=conference_dag
AIRFLOW_CTX_TASK_ID=load_conference
AIRFLOW_CTX_EXECUTION_DATE=2024-05-31T11:00:11.907917+00:00
AIRFLOW_CTX_TRY_NUMBER=1
AIRFLOW_CTX_DAG_RUN_ID=manual__2024-05-31T11:00:11.907917+00:00
[2024-05-31T11:00:40.051+0000] {subprocess.py:63} INFO - Tmp dir root location: 
 /tmp
[2024-05-31T11:00:40.052+0000] {subprocess.py:75} INFO - Running command: ['/bin/bash', '-c', 'set -e; python /opt/***/mysql_utils/load_conference.py']
[2024-05-31T11:00:40.058+0000] {subprocess.py:86} INFO - Output:
[2024-05-31T11:00:40.273+0000] {subprocess.py:97} INFO - Command exited with return code 0
[2024-05-31T11:00:40.292+0000] {taskinstance.py:1323} INFO - Marking task as SUCCESS. dag_id=conference_dag, task_id=load_conference, execution_date=20240531T110011, start_date=20240531T110039, end_date=20240531T110040
[2024-05-31T11:00:40.319+0000] {local_task_job.py:208} INFO - Task exited with return code 0
[2024-05-31T11:00:40.336+0000] {taskinstance.py:2578} INFO - 1 downstream tasks scheduled from follow-on schedule check
