[2024-05-29T16:09:07.880+0000] {taskinstance.py:1083} INFO - Dependencies all met for <TaskInstance: conference_dag.transform_field manual__2024-05-29T16:08:57.090753+00:00 [queued]>
[2024-05-29T16:09:07.891+0000] {taskinstance.py:1083} INFO - Dependencies all met for <TaskInstance: conference_dag.transform_field manual__2024-05-29T16:08:57.090753+00:00 [queued]>
[2024-05-29T16:09:07.892+0000] {taskinstance.py:1279} INFO - 
--------------------------------------------------------------------------------
[2024-05-29T16:09:07.893+0000] {taskinstance.py:1280} INFO - Starting attempt 1 of 1
[2024-05-29T16:09:07.893+0000] {taskinstance.py:1281} INFO - 
--------------------------------------------------------------------------------
[2024-05-29T16:09:07.909+0000] {taskinstance.py:1300} INFO - Executing <Task(BashOperator): transform_field> on 2024-05-29 16:08:57.090753+00:00
[2024-05-29T16:09:07.914+0000] {standard_task_runner.py:55} INFO - Started process 19186 to run task
[2024-05-29T16:09:07.917+0000] {standard_task_runner.py:82} INFO - Running: ['***', 'tasks', 'run', 'conference_dag', 'transform_field', 'manual__2024-05-29T16:08:57.090753+00:00', '--job-id', '133', '--raw', '--subdir', 'DAGS_FOLDER/conference_dag.py', '--cfg-path', '/tmp/tmpl0_5u7i0']
[2024-05-29T16:09:07.919+0000] {standard_task_runner.py:83} INFO - Job 133: Subtask transform_field
[2024-05-29T16:09:07.988+0000] {task_command.py:388} INFO - Running <TaskInstance: conference_dag.transform_field manual__2024-05-29T16:08:57.090753+00:00 [running]> on host 731e27f62632
[2024-05-29T16:09:08.057+0000] {taskinstance.py:1509} INFO - Exporting the following env vars:
AIRFLOW_CTX_DAG_OWNER=***
AIRFLOW_CTX_DAG_ID=conference_dag
AIRFLOW_CTX_TASK_ID=transform_field
AIRFLOW_CTX_EXECUTION_DATE=2024-05-29T16:08:57.090753+00:00
AIRFLOW_CTX_TRY_NUMBER=1
AIRFLOW_CTX_DAG_RUN_ID=manual__2024-05-29T16:08:57.090753+00:00
[2024-05-29T16:09:08.059+0000] {subprocess.py:63} INFO - Tmp dir root location: 
 /tmp
[2024-05-29T16:09:08.060+0000] {subprocess.py:75} INFO - Running command: ['/bin/bash', '-c', 'set -e; python /opt/***/data_transform/transform_field.py']
[2024-05-29T16:09:08.069+0000] {subprocess.py:86} INFO - Output:
[2024-05-29T16:09:13.248+0000] {subprocess.py:97} INFO - Command exited with return code 0
[2024-05-29T16:09:13.269+0000] {taskinstance.py:1323} INFO - Marking task as SUCCESS. dag_id=conference_dag, task_id=transform_field, execution_date=20240529T160857, start_date=20240529T160907, end_date=20240529T160913
[2024-05-29T16:09:13.319+0000] {local_task_job.py:208} INFO - Task exited with return code 0
[2024-05-29T16:09:13.335+0000] {taskinstance.py:2578} INFO - 0 downstream tasks scheduled from follow-on schedule check
