[2024-05-31T09:05:22.636+0000] {taskinstance.py:1083} INFO - Dependencies all met for <TaskInstance: conference_dag.load_location scheduled__2024-05-30T00:00:00+00:00 [queued]>
[2024-05-31T09:05:22.647+0000] {taskinstance.py:1083} INFO - Dependencies all met for <TaskInstance: conference_dag.load_location scheduled__2024-05-30T00:00:00+00:00 [queued]>
[2024-05-31T09:05:22.647+0000] {taskinstance.py:1279} INFO - 
--------------------------------------------------------------------------------
[2024-05-31T09:05:22.648+0000] {taskinstance.py:1280} INFO - Starting attempt 1 of 1
[2024-05-31T09:05:22.648+0000] {taskinstance.py:1281} INFO - 
--------------------------------------------------------------------------------
[2024-05-31T09:05:22.667+0000] {taskinstance.py:1300} INFO - Executing <Task(BashOperator): load_location> on 2024-05-30 00:00:00+00:00
[2024-05-31T09:05:22.673+0000] {standard_task_runner.py:55} INFO - Started process 172 to run task
[2024-05-31T09:05:22.677+0000] {standard_task_runner.py:82} INFO - Running: ['***', 'tasks', 'run', 'conference_dag', 'load_location', 'scheduled__2024-05-30T00:00:00+00:00', '--job-id', '407', '--raw', '--subdir', 'DAGS_FOLDER/conference_dag.py', '--cfg-path', '/tmp/tmpkgqdfuth']
[2024-05-31T09:05:22.677+0000] {standard_task_runner.py:83} INFO - Job 407: Subtask load_location
[2024-05-31T09:05:22.736+0000] {task_command.py:388} INFO - Running <TaskInstance: conference_dag.load_location scheduled__2024-05-30T00:00:00+00:00 [running]> on host 731e27f62632
[2024-05-31T09:05:22.801+0000] {taskinstance.py:1509} INFO - Exporting the following env vars:
AIRFLOW_CTX_DAG_OWNER=***
AIRFLOW_CTX_DAG_ID=conference_dag
AIRFLOW_CTX_TASK_ID=load_location
AIRFLOW_CTX_EXECUTION_DATE=2024-05-30T00:00:00+00:00
AIRFLOW_CTX_TRY_NUMBER=1
AIRFLOW_CTX_DAG_RUN_ID=scheduled__2024-05-30T00:00:00+00:00
[2024-05-31T09:05:22.802+0000] {subprocess.py:63} INFO - Tmp dir root location: 
 /tmp
[2024-05-31T09:05:22.803+0000] {subprocess.py:75} INFO - Running command: ['/bin/bash', '-c', 'set -e; python /opt/***/mysql_utils/load_location.py']
[2024-05-31T09:05:22.813+0000] {subprocess.py:86} INFO - Output:
[2024-05-31T09:05:23.051+0000] {subprocess.py:97} INFO - Command exited with return code 0
[2024-05-31T09:05:23.075+0000] {taskinstance.py:1323} INFO - Marking task as SUCCESS. dag_id=conference_dag, task_id=load_location, execution_date=20240530T000000, start_date=20240531T090522, end_date=20240531T090523
[2024-05-31T09:05:23.130+0000] {local_task_job.py:208} INFO - Task exited with return code 0
[2024-05-31T09:05:23.186+0000] {taskinstance.py:2578} INFO - 0 downstream tasks scheduled from follow-on schedule check
