[2024-05-31T10:54:57.182+0000] {taskinstance.py:1083} INFO - Dependencies all met for <TaskInstance: conference_dag.transform_conference manual__2024-05-31T10:54:30.383878+00:00 [queued]>
[2024-05-31T10:54:57.199+0000] {taskinstance.py:1083} INFO - Dependencies all met for <TaskInstance: conference_dag.transform_conference manual__2024-05-31T10:54:30.383878+00:00 [queued]>
[2024-05-31T10:54:57.200+0000] {taskinstance.py:1279} INFO - 
--------------------------------------------------------------------------------
[2024-05-31T10:54:57.200+0000] {taskinstance.py:1280} INFO - Starting attempt 1 of 1
[2024-05-31T10:54:57.201+0000] {taskinstance.py:1281} INFO - 
--------------------------------------------------------------------------------
[2024-05-31T10:54:57.215+0000] {taskinstance.py:1300} INFO - Executing <Task(BashOperator): transform_conference> on 2024-05-31 10:54:30.383878+00:00
[2024-05-31T10:54:57.218+0000] {standard_task_runner.py:55} INFO - Started process 884 to run task
[2024-05-31T10:54:57.221+0000] {standard_task_runner.py:82} INFO - Running: ['***', 'tasks', 'run', 'conference_dag', 'transform_conference', 'manual__2024-05-31T10:54:30.383878+00:00', '--job-id', '11', '--raw', '--subdir', 'DAGS_FOLDER/conference_dag.py', '--cfg-path', '/tmp/tmpj2g7dyqv']
[2024-05-31T10:54:57.221+0000] {standard_task_runner.py:83} INFO - Job 11: Subtask transform_conference
[2024-05-31T10:54:57.275+0000] {task_command.py:388} INFO - Running <TaskInstance: conference_dag.transform_conference manual__2024-05-31T10:54:30.383878+00:00 [running]> on host 312e62f5d623
[2024-05-31T10:54:57.343+0000] {taskinstance.py:1509} INFO - Exporting the following env vars:
AIRFLOW_CTX_DAG_OWNER=***
AIRFLOW_CTX_DAG_ID=conference_dag
AIRFLOW_CTX_TASK_ID=transform_conference
AIRFLOW_CTX_EXECUTION_DATE=2024-05-31T10:54:30.383878+00:00
AIRFLOW_CTX_TRY_NUMBER=1
AIRFLOW_CTX_DAG_RUN_ID=manual__2024-05-31T10:54:30.383878+00:00
[2024-05-31T10:54:57.345+0000] {subprocess.py:63} INFO - Tmp dir root location: 
 /tmp
[2024-05-31T10:54:57.345+0000] {subprocess.py:75} INFO - Running command: ['/bin/bash', '-c', 'set -e; python /opt/***/data_transform/transform_conference.py']
[2024-05-31T10:54:57.354+0000] {subprocess.py:86} INFO - Output:
[2024-05-31T10:54:57.473+0000] {subprocess.py:93} INFO - Dữ liệu đã được định dạng lại và lưu vào /opt/***/data_stage_2/conferences.json
[2024-05-31T10:54:57.476+0000] {subprocess.py:97} INFO - Command exited with return code 0
[2024-05-31T10:54:57.497+0000] {taskinstance.py:1323} INFO - Marking task as SUCCESS. dag_id=conference_dag, task_id=transform_conference, execution_date=20240531T105430, start_date=20240531T105457, end_date=20240531T105457
[2024-05-31T10:54:57.513+0000] {local_task_job.py:208} INFO - Task exited with return code 0
[2024-05-31T10:54:57.536+0000] {taskinstance.py:2578} INFO - 1 downstream tasks scheduled from follow-on schedule check
