[2024-05-29T16:02:06.847+0000] {taskinstance.py:1083} INFO - Dependencies all met for <TaskInstance: conference_dag.transform_conference manual__2024-05-29T16:01:52.799526+00:00 [queued]>
[2024-05-29T16:02:06.855+0000] {taskinstance.py:1083} INFO - Dependencies all met for <TaskInstance: conference_dag.transform_conference manual__2024-05-29T16:01:52.799526+00:00 [queued]>
[2024-05-29T16:02:06.855+0000] {taskinstance.py:1279} INFO - 
--------------------------------------------------------------------------------
[2024-05-29T16:02:06.856+0000] {taskinstance.py:1280} INFO - Starting attempt 1 of 1
[2024-05-29T16:02:06.856+0000] {taskinstance.py:1281} INFO - 
--------------------------------------------------------------------------------
[2024-05-29T16:02:06.866+0000] {taskinstance.py:1300} INFO - Executing <Task(BashOperator): transform_conference> on 2024-05-29 16:01:52.799526+00:00
[2024-05-29T16:02:06.870+0000] {standard_task_runner.py:55} INFO - Started process 18261 to run task
[2024-05-29T16:02:06.872+0000] {standard_task_runner.py:82} INFO - Running: ['***', 'tasks', 'run', 'conference_dag', 'transform_conference', 'manual__2024-05-29T16:01:52.799526+00:00', '--job-id', '119', '--raw', '--subdir', 'DAGS_FOLDER/conference_dag.py', '--cfg-path', '/tmp/tmptnq_zkk0']
[2024-05-29T16:02:06.872+0000] {standard_task_runner.py:83} INFO - Job 119: Subtask transform_conference
[2024-05-29T16:02:06.922+0000] {task_command.py:388} INFO - Running <TaskInstance: conference_dag.transform_conference manual__2024-05-29T16:01:52.799526+00:00 [running]> on host 731e27f62632
[2024-05-29T16:02:06.971+0000] {taskinstance.py:1509} INFO - Exporting the following env vars:
AIRFLOW_CTX_DAG_OWNER=***
AIRFLOW_CTX_DAG_ID=conference_dag
AIRFLOW_CTX_TASK_ID=transform_conference
AIRFLOW_CTX_EXECUTION_DATE=2024-05-29T16:01:52.799526+00:00
AIRFLOW_CTX_TRY_NUMBER=1
AIRFLOW_CTX_DAG_RUN_ID=manual__2024-05-29T16:01:52.799526+00:00
[2024-05-29T16:02:06.973+0000] {subprocess.py:63} INFO - Tmp dir root location: 
 /tmp
[2024-05-29T16:02:06.974+0000] {subprocess.py:75} INFO - Running command: ['/bin/bash', '-c', 'set -e; python /opt/***/data_transform/transform_conference.py']
[2024-05-29T16:02:06.983+0000] {subprocess.py:86} INFO - Output:
[2024-05-29T16:02:07.089+0000] {subprocess.py:93} INFO - Dữ liệu đã được định dạng lại và lưu vào /opt/***/data_stage_2/conferences.json
[2024-05-29T16:02:07.091+0000] {subprocess.py:97} INFO - Command exited with return code 0
[2024-05-29T16:02:07.111+0000] {taskinstance.py:1323} INFO - Marking task as SUCCESS. dag_id=conference_dag, task_id=transform_conference, execution_date=20240529T160152, start_date=20240529T160206, end_date=20240529T160207
[2024-05-29T16:02:07.165+0000] {local_task_job.py:208} INFO - Task exited with return code 0
[2024-05-29T16:02:07.180+0000] {taskinstance.py:2578} INFO - 0 downstream tasks scheduled from follow-on schedule check
