[2024-05-29T19:22:54.880+0000] {taskinstance.py:1083} INFO - Dependencies all met for <TaskInstance: conference_dag.transform_location manual__2024-05-29T19:22:45.082876+00:00 [queued]>
[2024-05-29T19:22:54.899+0000] {taskinstance.py:1083} INFO - Dependencies all met for <TaskInstance: conference_dag.transform_location manual__2024-05-29T19:22:45.082876+00:00 [queued]>
[2024-05-29T19:22:54.900+0000] {taskinstance.py:1279} INFO - 
--------------------------------------------------------------------------------
[2024-05-29T19:22:54.901+0000] {taskinstance.py:1280} INFO - Starting attempt 1 of 1
[2024-05-29T19:22:54.901+0000] {taskinstance.py:1281} INFO - 
--------------------------------------------------------------------------------
[2024-05-29T19:22:54.926+0000] {taskinstance.py:1300} INFO - Executing <Task(BashOperator): transform_location> on 2024-05-29 19:22:45.082876+00:00
[2024-05-29T19:22:54.932+0000] {standard_task_runner.py:55} INFO - Started process 44077 to run task
[2024-05-29T19:22:54.937+0000] {standard_task_runner.py:82} INFO - Running: ['***', 'tasks', 'run', 'conference_dag', 'transform_location', 'manual__2024-05-29T19:22:45.082876+00:00', '--job-id', '354', '--raw', '--subdir', 'DAGS_FOLDER/conference_dag.py', '--cfg-path', '/tmp/tmp7iuu0yaa']
[2024-05-29T19:22:54.938+0000] {standard_task_runner.py:83} INFO - Job 354: Subtask transform_location
[2024-05-29T19:22:55.037+0000] {task_command.py:388} INFO - Running <TaskInstance: conference_dag.transform_location manual__2024-05-29T19:22:45.082876+00:00 [running]> on host 731e27f62632
[2024-05-29T19:22:55.140+0000] {taskinstance.py:1509} INFO - Exporting the following env vars:
AIRFLOW_CTX_DAG_OWNER=***
AIRFLOW_CTX_DAG_ID=conference_dag
AIRFLOW_CTX_TASK_ID=transform_location
AIRFLOW_CTX_EXECUTION_DATE=2024-05-29T19:22:45.082876+00:00
AIRFLOW_CTX_TRY_NUMBER=1
AIRFLOW_CTX_DAG_RUN_ID=manual__2024-05-29T19:22:45.082876+00:00
[2024-05-29T19:22:55.142+0000] {subprocess.py:63} INFO - Tmp dir root location: 
 /tmp
[2024-05-29T19:22:55.144+0000] {subprocess.py:75} INFO - Running command: ['/bin/bash', '-c', 'set -e; python /opt/***/data_transform/transform_location.py']
[2024-05-29T19:22:55.154+0000] {subprocess.py:86} INFO - Output:
[2024-05-29T19:23:10.345+0000] {subprocess.py:93} INFO - Dữ liệu đã được định dạng lại và lưu vào /opt/***/data_stage_2/conferences.json và /opt/***/data_stage_2/locations.json
[2024-05-29T19:23:10.348+0000] {subprocess.py:97} INFO - Command exited with return code 0
[2024-05-29T19:23:10.369+0000] {taskinstance.py:1323} INFO - Marking task as SUCCESS. dag_id=conference_dag, task_id=transform_location, execution_date=20240529T192245, start_date=20240529T192254, end_date=20240529T192310
[2024-05-29T19:23:10.414+0000] {local_task_job.py:208} INFO - Task exited with return code 0
[2024-05-29T19:23:10.438+0000] {taskinstance.py:2578} INFO - 1 downstream tasks scheduled from follow-on schedule check
