[2024-05-29T13:53:33.326+0000] {taskinstance.py:1083} INFO - Dependencies all met for <TaskInstance: conference_dag.transform_data manual__2024-05-29T13:53:25.030187+00:00 [queued]>
[2024-05-29T13:53:33.333+0000] {taskinstance.py:1083} INFO - Dependencies all met for <TaskInstance: conference_dag.transform_data manual__2024-05-29T13:53:25.030187+00:00 [queued]>
[2024-05-29T13:53:33.333+0000] {taskinstance.py:1279} INFO - 
--------------------------------------------------------------------------------
[2024-05-29T13:53:33.334+0000] {taskinstance.py:1280} INFO - Starting attempt 1 of 1
[2024-05-29T13:53:33.334+0000] {taskinstance.py:1281} INFO - 
--------------------------------------------------------------------------------
[2024-05-29T13:53:33.344+0000] {taskinstance.py:1300} INFO - Executing <Task(BashOperator): transform_data> on 2024-05-29 13:53:25.030187+00:00
[2024-05-29T13:53:33.348+0000] {standard_task_runner.py:55} INFO - Started process 2252 to run task
[2024-05-29T13:53:33.350+0000] {standard_task_runner.py:82} INFO - Running: ['***', 'tasks', 'run', 'conference_dag', 'transform_data', 'manual__2024-05-29T13:53:25.030187+00:00', '--job-id', '108', '--raw', '--subdir', 'DAGS_FOLDER/conference_dag.py', '--cfg-path', '/tmp/tmpz9gmvu31']
[2024-05-29T13:53:33.350+0000] {standard_task_runner.py:83} INFO - Job 108: Subtask transform_data
[2024-05-29T13:53:33.392+0000] {task_command.py:388} INFO - Running <TaskInstance: conference_dag.transform_data manual__2024-05-29T13:53:25.030187+00:00 [running]> on host 731e27f62632
[2024-05-29T13:53:33.439+0000] {taskinstance.py:1509} INFO - Exporting the following env vars:
AIRFLOW_CTX_DAG_OWNER=***
AIRFLOW_CTX_DAG_ID=conference_dag
AIRFLOW_CTX_TASK_ID=transform_data
AIRFLOW_CTX_EXECUTION_DATE=2024-05-29T13:53:25.030187+00:00
AIRFLOW_CTX_TRY_NUMBER=1
AIRFLOW_CTX_DAG_RUN_ID=manual__2024-05-29T13:53:25.030187+00:00
[2024-05-29T13:53:33.440+0000] {subprocess.py:63} INFO - Tmp dir root location: 
 /tmp
[2024-05-29T13:53:33.441+0000] {subprocess.py:75} INFO - Running command: ['/bin/bash', '-c', 'set -e; python /opt/***/data_transform/transform.py']
[2024-05-29T13:53:33.448+0000] {subprocess.py:86} INFO - Output:
[2024-05-29T13:53:33.555+0000] {subprocess.py:93} INFO - Dữ liệu đã được định dạng lại và lưu vào /opt/***/data_stage_2/conferences.json và /opt/***/data_stage_2/locations.json
[2024-05-29T13:53:33.557+0000] {subprocess.py:97} INFO - Command exited with return code 0
[2024-05-29T13:53:33.576+0000] {taskinstance.py:1323} INFO - Marking task as SUCCESS. dag_id=conference_dag, task_id=transform_data, execution_date=20240529T135325, start_date=20240529T135333, end_date=20240529T135333
[2024-05-29T13:53:33.605+0000] {local_task_job.py:208} INFO - Task exited with return code 0
[2024-05-29T13:53:33.623+0000] {taskinstance.py:2578} INFO - 1 downstream tasks scheduled from follow-on schedule check
