[2024-05-29T19:02:02.192+0000] {taskinstance.py:1083} INFO - Dependencies all met for <TaskInstance: conference_dag.transform_presenter manual__2024-05-29T19:01:47.926731+00:00 [queued]>
[2024-05-29T19:02:02.205+0000] {taskinstance.py:1083} INFO - Dependencies all met for <TaskInstance: conference_dag.transform_presenter manual__2024-05-29T19:01:47.926731+00:00 [queued]>
[2024-05-29T19:02:02.205+0000] {taskinstance.py:1279} INFO - 
--------------------------------------------------------------------------------
[2024-05-29T19:02:02.206+0000] {taskinstance.py:1280} INFO - Starting attempt 1 of 1
[2024-05-29T19:02:02.206+0000] {taskinstance.py:1281} INFO - 
--------------------------------------------------------------------------------
[2024-05-29T19:02:02.224+0000] {taskinstance.py:1300} INFO - Executing <Task(BashOperator): transform_presenter> on 2024-05-29 19:01:47.926731+00:00
[2024-05-29T19:02:02.228+0000] {standard_task_runner.py:55} INFO - Started process 41412 to run task
[2024-05-29T19:02:02.231+0000] {standard_task_runner.py:82} INFO - Running: ['***', 'tasks', 'run', 'conference_dag', 'transform_presenter', 'manual__2024-05-29T19:01:47.926731+00:00', '--job-id', '338', '--raw', '--subdir', 'DAGS_FOLDER/conference_dag.py', '--cfg-path', '/tmp/tmpux_2yimf']
[2024-05-29T19:02:02.232+0000] {standard_task_runner.py:83} INFO - Job 338: Subtask transform_presenter
[2024-05-29T19:02:02.298+0000] {task_command.py:388} INFO - Running <TaskInstance: conference_dag.transform_presenter manual__2024-05-29T19:01:47.926731+00:00 [running]> on host 731e27f62632
[2024-05-29T19:02:02.367+0000] {taskinstance.py:1509} INFO - Exporting the following env vars:
AIRFLOW_CTX_DAG_OWNER=***
AIRFLOW_CTX_DAG_ID=conference_dag
AIRFLOW_CTX_TASK_ID=transform_presenter
AIRFLOW_CTX_EXECUTION_DATE=2024-05-29T19:01:47.926731+00:00
AIRFLOW_CTX_TRY_NUMBER=1
AIRFLOW_CTX_DAG_RUN_ID=manual__2024-05-29T19:01:47.926731+00:00
[2024-05-29T19:02:02.369+0000] {subprocess.py:63} INFO - Tmp dir root location: 
 /tmp
[2024-05-29T19:02:02.370+0000] {subprocess.py:75} INFO - Running command: ['/bin/bash', '-c', 'set -e; python /opt/***/data_transform/transform_presenter.py']
[2024-05-29T19:02:02.379+0000] {subprocess.py:86} INFO - Output:
[2024-05-29T19:02:07.515+0000] {subprocess.py:97} INFO - Command exited with return code 0
[2024-05-29T19:02:07.534+0000] {taskinstance.py:1323} INFO - Marking task as SUCCESS. dag_id=conference_dag, task_id=transform_presenter, execution_date=20240529T190147, start_date=20240529T190202, end_date=20240529T190207
[2024-05-29T19:02:07.569+0000] {local_task_job.py:208} INFO - Task exited with return code 0
[2024-05-29T19:02:07.588+0000] {taskinstance.py:2578} INFO - 0 downstream tasks scheduled from follow-on schedule check
