[2024-05-29T19:02:02.183+0000] {taskinstance.py:1083} INFO - Dependencies all met for <TaskInstance: conference_dag.transform_field manual__2024-05-29T19:01:47.926731+00:00 [queued]>
[2024-05-29T19:02:02.193+0000] {taskinstance.py:1083} INFO - Dependencies all met for <TaskInstance: conference_dag.transform_field manual__2024-05-29T19:01:47.926731+00:00 [queued]>
[2024-05-29T19:02:02.193+0000] {taskinstance.py:1279} INFO - 
--------------------------------------------------------------------------------
[2024-05-29T19:02:02.194+0000] {taskinstance.py:1280} INFO - Starting attempt 1 of 1
[2024-05-29T19:02:02.194+0000] {taskinstance.py:1281} INFO - 
--------------------------------------------------------------------------------
[2024-05-29T19:02:02.211+0000] {taskinstance.py:1300} INFO - Executing <Task(BashOperator): transform_field> on 2024-05-29 19:01:47.926731+00:00
[2024-05-29T19:02:02.216+0000] {standard_task_runner.py:55} INFO - Started process 41410 to run task
[2024-05-29T19:02:02.219+0000] {standard_task_runner.py:82} INFO - Running: ['***', 'tasks', 'run', 'conference_dag', 'transform_field', 'manual__2024-05-29T19:01:47.926731+00:00', '--job-id', '336', '--raw', '--subdir', 'DAGS_FOLDER/conference_dag.py', '--cfg-path', '/tmp/tmp7h6zl12w']
[2024-05-29T19:02:02.220+0000] {standard_task_runner.py:83} INFO - Job 336: Subtask transform_field
[2024-05-29T19:02:02.284+0000] {task_command.py:388} INFO - Running <TaskInstance: conference_dag.transform_field manual__2024-05-29T19:01:47.926731+00:00 [running]> on host 731e27f62632
[2024-05-29T19:02:02.352+0000] {taskinstance.py:1509} INFO - Exporting the following env vars:
AIRFLOW_CTX_DAG_OWNER=***
AIRFLOW_CTX_DAG_ID=conference_dag
AIRFLOW_CTX_TASK_ID=transform_field
AIRFLOW_CTX_EXECUTION_DATE=2024-05-29T19:01:47.926731+00:00
AIRFLOW_CTX_TRY_NUMBER=1
AIRFLOW_CTX_DAG_RUN_ID=manual__2024-05-29T19:01:47.926731+00:00
[2024-05-29T19:02:02.354+0000] {subprocess.py:63} INFO - Tmp dir root location: 
 /tmp
[2024-05-29T19:02:02.355+0000] {subprocess.py:75} INFO - Running command: ['/bin/bash', '-c', 'set -e; python /opt/***/data_transform/transform_field.py']
[2024-05-29T19:02:02.363+0000] {subprocess.py:86} INFO - Output:
[2024-05-29T19:02:02.490+0000] {subprocess.py:97} INFO - Command exited with return code 0
[2024-05-29T19:02:02.512+0000] {taskinstance.py:1323} INFO - Marking task as SUCCESS. dag_id=conference_dag, task_id=transform_field, execution_date=20240529T190147, start_date=20240529T190202, end_date=20240529T190202
[2024-05-29T19:02:02.553+0000] {local_task_job.py:208} INFO - Task exited with return code 0
[2024-05-29T19:02:02.573+0000] {taskinstance.py:2578} INFO - 0 downstream tasks scheduled from follow-on schedule check
