[2024-05-29T18:13:23.076+0000] {taskinstance.py:1083} INFO - Dependencies all met for <TaskInstance: conference_dag.load_data manual__2024-05-29T18:12:56.397897+00:00 [queued]>
[2024-05-29T18:13:23.085+0000] {taskinstance.py:1083} INFO - Dependencies all met for <TaskInstance: conference_dag.load_data manual__2024-05-29T18:12:56.397897+00:00 [queued]>
[2024-05-29T18:13:23.085+0000] {taskinstance.py:1279} INFO - 
--------------------------------------------------------------------------------
[2024-05-29T18:13:23.086+0000] {taskinstance.py:1280} INFO - Starting attempt 1 of 1
[2024-05-29T18:13:23.086+0000] {taskinstance.py:1281} INFO - 
--------------------------------------------------------------------------------
[2024-05-29T18:13:23.098+0000] {taskinstance.py:1300} INFO - Executing <Task(BashOperator): load_data> on 2024-05-29 18:12:56.397897+00:00
[2024-05-29T18:13:23.102+0000] {standard_task_runner.py:55} INFO - Started process 35246 to run task
[2024-05-29T18:13:23.106+0000] {standard_task_runner.py:82} INFO - Running: ['***', 'tasks', 'run', 'conference_dag', 'load_data', 'manual__2024-05-29T18:12:56.397897+00:00', '--job-id', '312', '--raw', '--subdir', 'DAGS_FOLDER/conference_dag.py', '--cfg-path', '/tmp/tmpy70lzt2v']
[2024-05-29T18:13:23.106+0000] {standard_task_runner.py:83} INFO - Job 312: Subtask load_data
[2024-05-29T18:13:23.162+0000] {task_command.py:388} INFO - Running <TaskInstance: conference_dag.load_data manual__2024-05-29T18:12:56.397897+00:00 [running]> on host 731e27f62632
[2024-05-29T18:13:23.226+0000] {taskinstance.py:1509} INFO - Exporting the following env vars:
AIRFLOW_CTX_DAG_OWNER=***
AIRFLOW_CTX_DAG_ID=conference_dag
AIRFLOW_CTX_TASK_ID=load_data
AIRFLOW_CTX_EXECUTION_DATE=2024-05-29T18:12:56.397897+00:00
AIRFLOW_CTX_TRY_NUMBER=1
AIRFLOW_CTX_DAG_RUN_ID=manual__2024-05-29T18:12:56.397897+00:00
[2024-05-29T18:13:23.228+0000] {subprocess.py:63} INFO - Tmp dir root location: 
 /tmp
[2024-05-29T18:13:23.229+0000] {subprocess.py:75} INFO - Running command: ['/bin/bash', '-c', 'set -e; python /opt/***/mysql_utils/load_to_db.py']
[2024-05-29T18:13:23.236+0000] {subprocess.py:86} INFO - Output:
[2024-05-29T18:13:23.462+0000] {subprocess.py:97} INFO - Command exited with return code 0
[2024-05-29T18:13:23.481+0000] {taskinstance.py:1323} INFO - Marking task as SUCCESS. dag_id=conference_dag, task_id=load_data, execution_date=20240529T181256, start_date=20240529T181323, end_date=20240529T181323
[2024-05-29T18:13:23.519+0000] {local_task_job.py:208} INFO - Task exited with return code 0
[2024-05-29T18:13:23.538+0000] {taskinstance.py:2578} INFO - 1 downstream tasks scheduled from follow-on schedule check
