[2024-05-29T19:36:09.996+0000] {taskinstance.py:1083} INFO - Dependencies all met for <TaskInstance: conference_dag.load_conference manual__2024-05-29T19:35:41.153279+00:00 [queued]>
[2024-05-29T19:36:10.003+0000] {taskinstance.py:1083} INFO - Dependencies all met for <TaskInstance: conference_dag.load_conference manual__2024-05-29T19:35:41.153279+00:00 [queued]>
[2024-05-29T19:36:10.004+0000] {taskinstance.py:1279} INFO - 
--------------------------------------------------------------------------------
[2024-05-29T19:36:10.005+0000] {taskinstance.py:1280} INFO - Starting attempt 1 of 1
[2024-05-29T19:36:10.005+0000] {taskinstance.py:1281} INFO - 
--------------------------------------------------------------------------------
[2024-05-29T19:36:10.014+0000] {taskinstance.py:1300} INFO - Executing <Task(BashOperator): load_conference> on 2024-05-29 19:35:41.153279+00:00
[2024-05-29T19:36:10.018+0000] {standard_task_runner.py:55} INFO - Started process 45794 to run task
[2024-05-29T19:36:10.020+0000] {standard_task_runner.py:82} INFO - Running: ['***', 'tasks', 'run', 'conference_dag', 'load_conference', 'manual__2024-05-29T19:35:41.153279+00:00', '--job-id', '375', '--raw', '--subdir', 'DAGS_FOLDER/conference_dag.py', '--cfg-path', '/tmp/tmprl7qqcd5']
[2024-05-29T19:36:10.020+0000] {standard_task_runner.py:83} INFO - Job 375: Subtask load_conference
[2024-05-29T19:36:10.070+0000] {task_command.py:388} INFO - Running <TaskInstance: conference_dag.load_conference manual__2024-05-29T19:35:41.153279+00:00 [running]> on host 731e27f62632
[2024-05-29T19:36:10.126+0000] {taskinstance.py:1509} INFO - Exporting the following env vars:
AIRFLOW_CTX_DAG_OWNER=***
AIRFLOW_CTX_DAG_ID=conference_dag
AIRFLOW_CTX_TASK_ID=load_conference
AIRFLOW_CTX_EXECUTION_DATE=2024-05-29T19:35:41.153279+00:00
AIRFLOW_CTX_TRY_NUMBER=1
AIRFLOW_CTX_DAG_RUN_ID=manual__2024-05-29T19:35:41.153279+00:00
[2024-05-29T19:36:10.127+0000] {subprocess.py:63} INFO - Tmp dir root location: 
 /tmp
[2024-05-29T19:36:10.128+0000] {subprocess.py:75} INFO - Running command: ['/bin/bash', '-c', 'set -e; python /opt/***/mysql_utils/load_conference.py']
[2024-05-29T19:36:10.137+0000] {subprocess.py:86} INFO - Output:
[2024-05-29T19:36:10.406+0000] {subprocess.py:97} INFO - Command exited with return code 0
[2024-05-29T19:36:10.427+0000] {taskinstance.py:1323} INFO - Marking task as SUCCESS. dag_id=conference_dag, task_id=load_conference, execution_date=20240529T193541, start_date=20240529T193609, end_date=20240529T193610
[2024-05-29T19:36:10.473+0000] {local_task_job.py:208} INFO - Task exited with return code 0
[2024-05-29T19:36:10.493+0000] {taskinstance.py:2578} INFO - 1 downstream tasks scheduled from follow-on schedule check
